
Note: No compatibility mode selected!


Circuit: ** sch_path: /foss/designs/thesis/workspace/thesis_hp/cace/_runs/run_2025-06-07_21-18-43/parameters/tran_params/run_124/foldedcascode-nmos-tran.sch

Doing analysis at TEMP = 27.000000 and TNOM = 27.000000

Using SPARSE 1.3 as Direct Linear Solver
Operating point simulation skipped by 'uic',
  now using transient initial conditions.
 Reference value :  5.00000e-11
 Reference value :  8.15272e-07
 Reference value :  1.61750e-06
 Reference value :  2.54250e-06
 Reference value :  3.73250e-06
 Reference value :  4.86250e-06
 Reference value :  6.21750e-06
 Reference value :  7.28250e-06
 Reference value :  8.34250e-06
 Reference value :  9.48250e-06
 Reference value :  1.07125e-05
 Reference value :  1.17925e-05
 Reference value :  1.29875e-05
 Reference value :  1.43425e-05
No. of Data Rows : 3024
tcross              =  1.381715e-06
Note: Simulation executed from .control section 
