
Note: No compatibility mode selected!


Circuit: ** sch_path: /foss/designs/thesis/workspace/thesis_hp/cace/_runs/run_2025-06-07_00-59-50/parameters/tran_params/run_077/foldedcascode-nmos-tran.sch

Doing analysis at TEMP = 130.000000 and TNOM = 27.000000

Using SPARSE 1.3 as Direct Linear Solver
Operating point simulation skipped by 'uic',
  now using transient initial conditions.
 Reference value :  9.57378e-09
 Reference value :  1.15250e-06
 Reference value :  2.10250e-06
 Reference value :  3.31250e-06
 Reference value :  4.75750e-06
 Reference value :  6.13250e-06
 Reference value :  7.65250e-06
 Reference value :  8.78750e-06
 Reference value :  1.02075e-05
 Reference value :  1.16975e-05
 Reference value :  1.30825e-05
 Reference value :  1.43475e-05
No. of Data Rows : 3025
tcross              =  1.343704e-06
Note: Simulation executed from .control section 
