
Note: No compatibility mode selected!


Circuit: ** sch_path: /foss/designs/thesis/workspace/thesis_hp/cace/_runs/run_2025-06-07_21-18-43/parameters/tran_params/run_015/foldedcascode-nmos-tran.sch

Doing analysis at TEMP = 27.000000 and TNOM = 27.000000

Using SPARSE 1.3 as Direct Linear Solver
Operating point simulation skipped by 'uic',
  now using transient initial conditions.
 Reference value :  3.50551e-08
 Reference value :  1.24250e-06
 Reference value :  2.42250e-06
 Reference value :  3.80250e-06
 Reference value :  5.15750e-06
 Reference value :  6.46750e-06
 Reference value :  7.60750e-06
 Reference value :  9.00250e-06
 Reference value :  1.02375e-05
 Reference value :  1.15375e-05
 Reference value :  1.28575e-05
 Reference value :  1.41975e-05
No. of Data Rows : 3024
tcross              =  1.411807e-06
Note: Simulation executed from .control section 
