
Note: No compatibility mode selected!


Circuit: ** sch_path: /foss/designs/thesis/workspace/thesis_hp/cace/_runs/run_2025-06-07_00-59-50/parameters/tran_params/run_076/foldedcascode-nmos-tran.sch

Doing analysis at TEMP = 130.000000 and TNOM = 27.000000

Using SPARSE 1.3 as Direct Linear Solver
Operating point simulation skipped by 'uic',
  now using transient initial conditions.
 Reference value :  5.30741e-09
 Reference value :  1.15250e-06
 Reference value :  2.39250e-06
 Reference value :  3.64750e-06
 Reference value :  5.07750e-06
 Reference value :  6.49750e-06
 Reference value :  7.91750e-06
 Reference value :  9.33250e-06
 Reference value :  1.06625e-05
 Reference value :  1.19825e-05
 Reference value :  1.33975e-05
 Reference value :  1.46625e-05
No. of Data Rows : 3025
tcross              =  1.347883e-06
Note: Simulation executed from .control section 
