
Note: No compatibility mode selected!


Circuit: ** sch_path: /foss/designs/thesis/workspace/thesis_hp/cace/_runs/run_2025-06-07_00-59-50/parameters/tran_params/run_009/foldedcascode-nmos-tran.sch

Doing analysis at TEMP = 27.000000 and TNOM = 27.000000

Using SPARSE 1.3 as Direct Linear Solver
Operating point simulation skipped by 'uic',
  now using transient initial conditions.
 Reference value :  9.55929e-08
 Reference value :  1.22250e-06
 Reference value :  2.54750e-06
 Reference value :  4.03250e-06
 Reference value :  5.51250e-06
 Reference value :  6.82750e-06
 Reference value :  8.21250e-06
 Reference value :  9.62250e-06
 Reference value :  1.08825e-05
 Reference value :  1.23275e-05
 Reference value :  1.36725e-05
 Reference value :  1.49575e-05
No. of Data Rows : 3024
tcross              =  1.348907e-06
Note: Simulation executed from .control section 
