
Note: No compatibility mode selected!


Circuit: ** sch_path: /foss/designs/thesis/workspace/thesis_hp/cace/_runs/run_2025-06-07_00-59-50/parameters/tran_params/run_113/foldedcascode-nmos-tran.sch

Doing analysis at TEMP = -40.000000 and TNOM = 27.000000

Using SPARSE 1.3 as Direct Linear Solver
Operating point simulation skipped by 'uic',
  now using transient initial conditions.
 Reference value :  5.93859e-09
 Reference value :  1.10050e-06
 Reference value :  2.09750e-06
 Reference value :  3.42750e-06
 Reference value :  4.65250e-06
 Reference value :  5.86750e-06
 Reference value :  7.28250e-06
 Reference value :  8.53250e-06
 Reference value :  9.86250e-06
 Reference value :  1.12225e-05
 Reference value :  1.24525e-05
 Reference value :  1.37075e-05
No. of Data Rows : 3025
tcross              =  1.345458e-06
Note: Simulation executed from .control section 
