
Note: No compatibility mode selected!


Circuit: ** sch_path: /foss/designs/thesis/workspace/thesis_hp/cace/_runs/run_2025-06-07_00-59-50/parameters/tran_params/run_028/foldedcascode-nmos-tran.sch

Doing analysis at TEMP = -40.000000 and TNOM = 27.000000

Using SPARSE 1.3 as Direct Linear Solver
Operating point simulation skipped by 'uic',
  now using transient initial conditions.
 Reference value :  5.71276e-08
 Reference value :  1.19585e-06
 Reference value :  2.34250e-06
 Reference value :  3.74750e-06
 Reference value :  5.21750e-06
 Reference value :  6.60750e-06
 Reference value :  8.04250e-06
 Reference value :  9.26250e-06
 Reference value :  1.01725e-05
 Reference value :  1.14775e-05
 Reference value :  1.27675e-05
 Reference value :  1.40525e-05
No. of Data Rows : 3025
tcross              =  1.328893e-06
Note: Simulation executed from .control section 
