
Note: No compatibility mode selected!


Circuit: ** sch_path: /foss/designs/thesis/workspace/thesis_hp/cace/_runs/run_2025-06-07_21-18-43/parameters/tran_params/run_112/foldedcascode-nmos-tran.sch

Doing analysis at TEMP = -40.000000 and TNOM = 27.000000

Using SPARSE 1.3 as Direct Linear Solver
Operating point simulation skipped by 'uic',
  now using transient initial conditions.
 Reference value :  5.53701e-08
 Reference value :  1.10350e-06
 Reference value :  1.64750e-06
 Reference value :  2.36750e-06
 Reference value :  3.07750e-06
 Reference value :  3.90250e-06
 Reference value :  4.92750e-06
 Reference value :  6.03750e-06
 Reference value :  7.17750e-06
 Reference value :  8.42250e-06
 Reference value :  9.34250e-06
 Reference value :  1.03625e-05
 Reference value :  1.16675e-05
 Reference value :  1.28475e-05
 Reference value :  1.36975e-05
 Reference value :  1.45525e-05
No. of Data Rows : 3024
tcross              =  1.350655e-06
Note: Simulation executed from .control section 
