
Note: No compatibility mode selected!


Circuit: ** sch_path: /foss/designs/thesis/workspace/thesis_hp/cace/_runs/run_2025-06-07_21-18-43/parameters/tran_params/run_096/foldedcascode-nmos-tran.sch

Doing analysis at TEMP = 27.000000 and TNOM = 27.000000

Using SPARSE 1.3 as Direct Linear Solver
Operating point simulation skipped by 'uic',
  now using transient initial conditions.
 Reference value :  5.04584e-08
 Reference value :  1.18750e-06
 Reference value :  2.21250e-06
 Reference value :  3.64750e-06
 Reference value :  4.79250e-06
 Reference value :  5.98750e-06
 Reference value :  7.24250e-06
 Reference value :  8.53750e-06
 Reference value :  9.99250e-06
 Reference value :  1.14175e-05
 Reference value :  1.26425e-05
 Reference value :  1.40225e-05
No. of Data Rows : 3024
tcross              =  1.408410e-06
Note: Simulation executed from .control section 
