
Note: No compatibility mode selected!


Circuit: ** sch_path: /foss/designs/thesis/workspace/thesis_hp/cace/_runs/run_2025-06-07_21-18-43/parameters/tran_params/run_111/foldedcascode-nmos-tran.sch

Doing analysis at TEMP = -40.000000 and TNOM = 27.000000

Using SPARSE 1.3 as Direct Linear Solver
Operating point simulation skipped by 'uic',
  now using transient initial conditions.
 Reference value :  7.52060e-09
 Reference value :  1.19985e-06
 Reference value :  2.42950e-06
 Reference value :  3.88450e-06
 Reference value :  5.33950e-06
 Reference value :  6.72950e-06
 Reference value :  7.72950e-06
 Reference value :  8.98950e-06
 Reference value :  1.03295e-05
 Reference value :  1.16395e-05
 Reference value :  1.27995e-05
 Reference value :  1.39695e-05
No. of Data Rows : 3026
tcross              =  1.356433e-06
Note: Simulation executed from .control section 
