
Note: No compatibility mode selected!


Circuit: ** sch_path: /foss/designs/thesis/workspace/thesis_hp/cace/_runs/run_2025-06-07_21-18-43/parameters/tran_params/run_065/foldedcascode-nmos-tran.sch

Doing analysis at TEMP = 27.000000 and TNOM = 27.000000

Using SPARSE 1.3 as Direct Linear Solver
Operating point simulation skipped by 'uic',
  now using transient initial conditions.
 Reference value :  6.97246e-09
 Reference value :  1.05874e-06
 Reference value :  2.07750e-06
 Reference value :  3.36250e-06
 Reference value :  4.68250e-06
 Reference value :  6.03750e-06
 Reference value :  7.29750e-06
 Reference value :  8.51750e-06
 Reference value :  9.80250e-06
 Reference value :  1.10575e-05
 Reference value :  1.24625e-05
 Reference value :  1.38125e-05
No. of Data Rows : 3025
tcross              =  1.332507e-06
Note: Simulation executed from .control section 
