
Note: No compatibility mode selected!


Circuit: ** sch_path: /foss/designs/thesis/workspace/thesis_hp/cace/_runs/run_2025-06-07_00-59-50/parameters/tran_params/run_126/foldedcascode-nmos-tran.sch

Doing analysis at TEMP = 130.000000 and TNOM = 27.000000

Using SPARSE 1.3 as Direct Linear Solver
Operating point simulation skipped by 'uic',
  now using transient initial conditions.
 Reference value :  5.93051e-09
 Reference value :  1.20750e-06
 Reference value :  2.23250e-06
 Reference value :  3.53250e-06
 Reference value :  4.77250e-06
 Reference value :  6.22250e-06
 Reference value :  7.53250e-06
 Reference value :  8.80250e-06
 Reference value :  1.00225e-05
 Reference value :  1.13175e-05
 Reference value :  1.25125e-05
 Reference value :  1.37675e-05
No. of Data Rows : 3025
tcross              =  1.301931e-06
Note: Simulation executed from .control section 
