
Note: No compatibility mode selected!


Circuit: ** sch_path: /foss/designs/thesis/workspace/thesis_hp/cace/_runs/run_2025-06-07_00-59-50/parameters/tran_params/run_127/foldedcascode-nmos-tran.sch

Doing analysis at TEMP = 130.000000 and TNOM = 27.000000

Using SPARSE 1.3 as Direct Linear Solver
Operating point simulation skipped by 'uic',
  now using transient initial conditions.
 Reference value :  2.14508e-07
 Reference value :  1.44750e-06
 Reference value :  2.82250e-06
 Reference value :  4.05250e-06
 Reference value :  5.29250e-06
 Reference value :  6.50750e-06
 Reference value :  7.72250e-06
 Reference value :  9.07250e-06
 Reference value :  1.05075e-05
 Reference value :  1.19725e-05
 Reference value :  1.34625e-05
 Reference value :  1.49075e-05
No. of Data Rows : 3025
tcross              =  1.298141e-06
Note: Simulation executed from .control section 
