
Note: No compatibility mode selected!


Circuit: ** sch_path: /foss/designs/thesis/workspace/thesis_hp/cace/_runs/run_2025-06-07_21-18-43/parameters/tran_params/run_127/foldedcascode-nmos-tran.sch

Doing analysis at TEMP = 130.000000 and TNOM = 27.000000

Using SPARSE 1.3 as Direct Linear Solver
Operating point simulation skipped by 'uic',
  now using transient initial conditions.
 Reference value :  5.13930e-11
 Reference value :  1.13750e-06
 Reference value :  2.34750e-06
 Reference value :  3.73750e-06
 Reference value :  5.09250e-06
 Reference value :  6.39750e-06
 Reference value :  7.71250e-06
 Reference value :  8.98750e-06
 Reference value :  1.03525e-05
 Reference value :  1.15725e-05
 Reference value :  1.29225e-05
 Reference value :  1.43275e-05
No. of Data Rows : 3025
tcross              =  1.298141e-06
Note: Simulation executed from .control section 
