
Note: No compatibility mode selected!


Circuit: ** sch_path: /foss/designs/thesis/workspace/thesis_hp/cace/_runs/run_2025-06-07_21-18-43/parameters/tran_params/run_106/foldedcascode-nmos-tran.sch

Doing analysis at TEMP = 130.000000 and TNOM = 27.000000

Using SPARSE 1.3 as Direct Linear Solver
Operating point simulation skipped by 'uic',
  now using transient initial conditions.
 Reference value :  9.47086e-08
 Reference value :  1.27750e-06
 Reference value :  2.53250e-06
 Reference value :  3.78750e-06
 Reference value :  5.13750e-06
 Reference value :  6.39750e-06
 Reference value :  7.82750e-06
 Reference value :  9.16250e-06
 Reference value :  1.05625e-05
 Reference value :  1.19925e-05
 Reference value :  1.34075e-05
 Reference value :  1.46875e-05
No. of Data Rows : 3025
tcross              =  1.375421e-06
Note: Simulation executed from .control section 
