
Note: No compatibility mode selected!


Circuit: ** sch_path: /foss/designs/thesis/workspace/thesis_hp/cace/_runs/run_2025-06-07_00-59-50/parameters/tran_params/run_030/foldedcascode-nmos-tran.sch

Doing analysis at TEMP = -40.000000 and TNOM = 27.000000

Using SPARSE 1.3 as Direct Linear Solver
Operating point simulation skipped by 'uic',
  now using transient initial conditions.
 Reference value :  5.13933e-11
 Reference value :  8.54924e-07
 Reference value :  1.48250e-06
 Reference value :  2.27250e-06
 Reference value :  3.02750e-06
 Reference value :  3.83250e-06
 Reference value :  5.25750e-06
 Reference value :  6.64250e-06
 Reference value :  7.63250e-06
 Reference value :  8.72750e-06
 Reference value :  9.54750e-06
 Reference value :  1.06025e-05
 Reference value :  1.18475e-05
 Reference value :  1.29975e-05
 Reference value :  1.42725e-05
No. of Data Rows : 3028
tcross              =  1.359638e-06
Note: Simulation executed from .control section 
