
Note: No compatibility mode selected!


Circuit: ** sch_path: /foss/designs/thesis/workspace/thesis_hp/cace/_runs/run_2025-06-07_21-18-43/parameters/tran_params/run_035/foldedcascode-nmos-tran.sch

Doing analysis at TEMP = -40.000000 and TNOM = 27.000000

Using SPARSE 1.3 as Direct Linear Solver
Operating point simulation skipped by 'uic',
  now using transient initial conditions.
 Reference value :  9.50559e-08
 Reference value :  1.25750e-06
 Reference value :  2.51250e-06
 Reference value :  3.94250e-06
 Reference value :  5.34750e-06
 Reference value :  6.76750e-06
 Reference value :  8.12750e-06
 Reference value :  9.48750e-06
 Reference value :  1.07625e-05
 Reference value :  1.20325e-05
 Reference value :  1.33075e-05
 Reference value :  1.45975e-05
No. of Data Rows : 3025
tcross              =  1.374593e-06
Note: Simulation executed from .control section 
