
Note: No compatibility mode selected!


Circuit: ** sch_path: /foss/designs/thesis/workspace/thesis_hp/cace/_runs/run_2025-06-07_21-18-43/parameters/tran_params/run_008/foldedcascode-nmos-tran.sch

Doing analysis at TEMP = -40.000000 and TNOM = 27.000000

Using SPARSE 1.3 as Direct Linear Solver
Operating point simulation skipped by 'uic',
  now using transient initial conditions.
 Reference value :  1.69548e-07
 Reference value :  1.37750e-06
 Reference value :  2.76750e-06
 Reference value :  4.23750e-06
 Reference value :  5.67750e-06
 Reference value :  7.09250e-06
 Reference value :  8.53250e-06
 Reference value :  9.78750e-06
 Reference value :  1.10325e-05
 Reference value :  1.23825e-05
 Reference value :  1.36825e-05
 Reference value :  1.49475e-05
No. of Data Rows : 3026
tcross              =  1.391964e-06
Note: Simulation executed from .control section 
