
Note: No compatibility mode selected!


Circuit: ** sch_path: /foss/designs/thesis/workspace/thesis_hp/cace/_runs/run_2025-06-07_21-18-43/parameters/tran_params/run_120/foldedcascode-nmos-tran.sch

Doing analysis at TEMP = 27.000000 and TNOM = 27.000000

Using SPARSE 1.3 as Direct Linear Solver
Operating point simulation skipped by 'uic',
  now using transient initial conditions.
 Reference value :  3.00828e-08
 Reference value :  1.10750e-06
 Reference value :  2.06250e-06
 Reference value :  3.28250e-06
 Reference value :  4.68250e-06
 Reference value :  6.11750e-06
 Reference value :  7.51250e-06
 Reference value :  8.85250e-06
 Reference value :  1.01925e-05
 Reference value :  1.14925e-05
 Reference value :  1.28475e-05
 Reference value :  1.41425e-05
No. of Data Rows : 3024
tcross              =  1.359783e-06
Note: Simulation executed from .control section 
