
Note: No compatibility mode selected!


Circuit: ** sch_path: /foss/designs/thesis/workspace/thesis_hp/cace/_runs/run_2025-06-07_00-59-50/parameters/tran_params/run_056/foldedcascode-nmos-tran.sch

Doing analysis at TEMP = -40.000000 and TNOM = 27.000000

Using SPARSE 1.3 as Direct Linear Solver
Operating point simulation skipped by 'uic',
  now using transient initial conditions.
 Reference value :  6.51690e-09
 Reference value :  1.15750e-06
 Reference value :  2.39250e-06
 Reference value :  3.91250e-06
 Reference value :  5.38750e-06
 Reference value :  6.73750e-06
 Reference value :  7.97250e-06
 Reference value :  9.08250e-06
 Reference value :  1.02975e-05
 Reference value :  1.17275e-05
 Reference value :  1.31875e-05
 Reference value :  1.44675e-05
No. of Data Rows : 3025
tcross              =  1.328550e-06
Note: Simulation executed from .control section 
