
Note: No compatibility mode selected!


Circuit: ** sch_path: /foss/designs/thesis/workspace/thesis_hp/cace/_runs/run_2025-06-07_00-59-50/parameters/tran_params/run_034/foldedcascode-nmos-tran.sch

Doing analysis at TEMP = -40.000000 and TNOM = 27.000000

Using SPARSE 1.3 as Direct Linear Solver
Operating point simulation skipped by 'uic',
  now using transient initial conditions.
 Reference value :  5.00000e-11
 Reference value :  5.04964e-07
 Reference value :  1.36750e-06
 Reference value :  2.26250e-06
 Reference value :  3.50750e-06
 Reference value :  4.61250e-06
 Reference value :  5.85250e-06
 Reference value :  6.81750e-06
 Reference value :  8.02750e-06
 Reference value :  9.02250e-06
 Reference value :  9.92250e-06
 Reference value :  1.09275e-05
 Reference value :  1.19175e-05
 Reference value :  1.28675e-05
 Reference value :  1.39575e-05
No. of Data Rows : 3028
tcross              =  1.380955e-06
Note: Simulation executed from .control section 
