
Note: No compatibility mode selected!


Circuit: ** sch_path: /foss/designs/thesis/workspace/thesis_hp/cace/_runs/run_2025-06-07_21-18-43/parameters/tran_params/run_029/foldedcascode-nmos-tran.sch

Doing analysis at TEMP = -40.000000 and TNOM = 27.000000

Using SPARSE 1.3 as Direct Linear Solver
Operating point simulation skipped by 'uic',
  now using transient initial conditions.
 Reference value :  7.21417e-08
 Reference value :  1.17452e-06
 Reference value :  2.32750e-06
 Reference value :  3.63750e-06
 Reference value :  4.93250e-06
 Reference value :  6.18750e-06
 Reference value :  7.53250e-06
 Reference value :  8.97250e-06
 Reference value :  1.03925e-05
 Reference value :  1.18175e-05
 Reference value :  1.31775e-05
 Reference value :  1.45425e-05
No. of Data Rows : 3025
tcross              =  1.325012e-06
Note: Simulation executed from .control section 
