
Note: No compatibility mode selected!


Circuit: ** sch_path: /foss/designs/thesis/workspace/thesis_hp/cace/_runs/run_2025-06-07_21-18-43/parameters/tran_params/run_117/foldedcascode-nmos-tran.sch

Doing analysis at TEMP = 27.000000 and TNOM = 27.000000

Using SPARSE 1.3 as Direct Linear Solver
Operating point simulation skipped by 'uic',
  now using transient initial conditions.
 Reference value :  5.31983e-09
 Reference value :  1.14108e-06
 Reference value :  2.12250e-06
 Reference value :  3.29750e-06
 Reference value :  4.62250e-06
 Reference value :  5.86250e-06
 Reference value :  7.20750e-06
 Reference value :  8.55750e-06
 Reference value :  9.93250e-06
 Reference value :  1.11225e-05
 Reference value :  1.25175e-05
 Reference value :  1.38625e-05
No. of Data Rows : 3025
tcross              =  1.333122e-06
Note: Simulation executed from .control section 
