
Note: No compatibility mode selected!


Circuit: ** sch_path: /foss/designs/thesis/workspace/thesis_hp/cace/_runs/run_2025-06-07_00-59-50/parameters/tran_params/run_006/foldedcascode-nmos-tran.sch

Doing analysis at TEMP = -40.000000 and TNOM = 27.000000

Using SPARSE 1.3 as Direct Linear Solver
Operating point simulation skipped by 'uic',
  now using transient initial conditions.
 Reference value :  7.48632e-09
 Reference value :  1.14250e-06
 Reference value :  1.77750e-06
 Reference value :  2.60250e-06
 Reference value :  3.39250e-06
 Reference value :  4.33750e-06
 Reference value :  5.42250e-06
 Reference value :  6.58750e-06
 Reference value :  7.92750e-06
 Reference value :  8.97250e-06
 Reference value :  1.00275e-05
 Reference value :  1.11125e-05
 Reference value :  1.20375e-05
 Reference value :  1.31925e-05
 Reference value :  1.45725e-05
No. of Data Rows : 3025
tcross              =  1.410157e-06
Note: Simulation executed from .control section 
