
Note: No compatibility mode selected!


Circuit: ** sch_path: /foss/designs/thesis/workspace/thesis_hp/cace/_runs/run_2025-06-07_00-59-50/parameters/tran_params/run_101/foldedcascode-nmos-tran.sch

Doing analysis at TEMP = 130.000000 and TNOM = 27.000000

Using SPARSE 1.3 as Direct Linear Solver
Operating point simulation skipped by 'uic',
  now using transient initial conditions.
 Reference value :  1.33602e-07
 Reference value :  1.47750e-06
 Reference value :  2.85750e-06
 Reference value :  3.77250e-06
 Reference value :  5.05750e-06
 Reference value :  6.55750e-06
 Reference value :  7.82750e-06
 Reference value :  9.08250e-06
 Reference value :  1.04175e-05
 Reference value :  1.13925e-05
 Reference value :  1.25675e-05
 Reference value :  1.37125e-05
 Reference value :  1.48525e-05
No. of Data Rows : 3025
tcross              =  1.315365e-06
Note: Simulation executed from .control section 
