
Note: No compatibility mode selected!


Circuit: ** sch_path: /foss/designs/thesis/workspace/thesis_hp/cace/_runs/run_2025-06-07_21-18-43/parameters/tran_params/run_089/foldedcascode-nmos-tran.sch

Doing analysis at TEMP = -40.000000 and TNOM = 27.000000

Using SPARSE 1.3 as Direct Linear Solver
Operating point simulation skipped by 'uic',
  now using transient initial conditions.
 Reference value :  1.94792e-07
 Reference value :  1.37250e-06
 Reference value :  2.36050e-06
 Reference value :  3.61550e-06
 Reference value :  4.93050e-06
 Reference value :  6.17550e-06
 Reference value :  7.34550e-06
 Reference value :  8.69050e-06
 Reference value :  1.00555e-05
 Reference value :  1.14055e-05
 Reference value :  1.26405e-05
 Reference value :  1.38755e-05
No. of Data Rows : 3028
tcross              =  1.388248e-06
Note: Simulation executed from .control section 
