
Note: No compatibility mode selected!


Circuit: ** sch_path: /foss/designs/thesis/workspace/thesis_hp/cace/_runs/run_2025-06-07_00-59-50/parameters/tran_params/run_092/foldedcascode-nmos-tran.sch

Doing analysis at TEMP = 27.000000 and TNOM = 27.000000

Using SPARSE 1.3 as Direct Linear Solver
Operating point simulation skipped by 'uic',
  now using transient initial conditions.
 Reference value :  1.39220e-08
 Reference value :  1.20050e-06
 Reference value :  2.61750e-06
 Reference value :  4.06250e-06
 Reference value :  5.38250e-06
 Reference value :  6.74250e-06
 Reference value :  8.04750e-06
 Reference value :  9.35750e-06
 Reference value :  1.07175e-05
 Reference value :  1.19825e-05
 Reference value :  1.33775e-05
 Reference value :  1.48475e-05
No. of Data Rows : 3025
tcross              =  1.336608e-06
Note: Simulation executed from .control section 
