
Note: No compatibility mode selected!


Circuit: ** sch_path: /foss/designs/thesis/workspace/thesis_hp/cace/_runs/run_2025-06-07_00-59-50/parameters/tran_params/run_118/foldedcascode-nmos-tran.sch

Doing analysis at TEMP = 27.000000 and TNOM = 27.000000

Using SPARSE 1.3 as Direct Linear Solver
Operating point simulation skipped by 'uic',
  now using transient initial conditions.
 Reference value :  7.33788e-09
 Reference value :  1.15750e-06
 Reference value :  2.33250e-06
 Reference value :  3.74250e-06
 Reference value :  5.11750e-06
 Reference value :  6.18250e-06
 Reference value :  7.54250e-06
 Reference value :  8.84250e-06
 Reference value :  1.02425e-05
 Reference value :  1.13725e-05
 Reference value :  1.27175e-05
 Reference value :  1.39025e-05
No. of Data Rows : 3024
tcross              =  1.329089e-06
Note: Simulation executed from .control section 
