
Note: No compatibility mode selected!


Circuit: ** sch_path: /foss/designs/thesis/workspace/thesis_hp/cace/_runs/run_2025-06-07_21-18-43/parameters/tran_params/run_010/foldedcascode-nmos-tran.sch

Doing analysis at TEMP = 27.000000 and TNOM = 27.000000

Using SPARSE 1.3 as Direct Linear Solver
Operating point simulation skipped by 'uic',
  now using transient initial conditions.
 Reference value :  1.55953e-07
 Reference value :  1.16750e-06
 Reference value :  2.36250e-06
 Reference value :  3.68250e-06
 Reference value :  5.15250e-06
 Reference value :  6.51250e-06
 Reference value :  7.99250e-06
 Reference value :  9.48250e-06
 Reference value :  1.09225e-05
 Reference value :  1.23425e-05
 Reference value :  1.36575e-05
 Reference value :  1.48975e-05
No. of Data Rows : 3024
tcross              =  1.343990e-06
Note: Simulation executed from .control section 
