
Note: No compatibility mode selected!


Circuit: ** sch_path: /foss/designs/thesis/workspace/thesis_hp/cace/_runs/run_2025-06-07_00-59-50/parameters/tran_params/run_053/foldedcascode-nmos-tran.sch

Doing analysis at TEMP = 130.000000 and TNOM = 27.000000

Using SPARSE 1.3 as Direct Linear Solver
Operating point simulation skipped by 'uic',
  now using transient initial conditions.
 Reference value :  1.69364e-07
 Reference value :  1.37250e-06
 Reference value :  2.76250e-06
 Reference value :  4.08250e-06
 Reference value :  5.19750e-06
 Reference value :  6.54750e-06
 Reference value :  8.03750e-06
 Reference value :  9.54250e-06
 Reference value :  1.10275e-05
 Reference value :  1.23425e-05
 Reference value :  1.37025e-05
No. of Data Rows : 3025
tcross              =  1.370828e-06
Note: Simulation executed from .control section 
