
Note: No compatibility mode selected!


Circuit: ** sch_path: /foss/designs/thesis/workspace/thesis_hp/cace/_runs/run_2025-06-07_00-59-50/parameters/tran_params/run_015/foldedcascode-nmos-tran.sch

Doing analysis at TEMP = 27.000000 and TNOM = 27.000000

Using SPARSE 1.3 as Direct Linear Solver
Operating point simulation skipped by 'uic',
  now using transient initial conditions.
 Reference value :  1.55055e-07
 Reference value :  1.28750e-06
 Reference value :  2.46750e-06
 Reference value :  3.46750e-06
 Reference value :  4.55250e-06
 Reference value :  5.92750e-06
 Reference value :  7.17750e-06
 Reference value :  8.53750e-06
 Reference value :  9.97750e-06
 Reference value :  1.12825e-05
 Reference value :  1.24425e-05
 Reference value :  1.37525e-05
 Reference value :  1.50000e-05
No. of Data Rows : 3024
tcross              =  1.411807e-06
Note: Simulation executed from .control section 
