
Note: No compatibility mode selected!


Circuit: ** sch_path: /foss/designs/thesis/workspace/thesis_hp/cace/_runs/run_2025-06-07_21-18-43/parameters/tran_params/run_060/foldedcascode-nmos-tran.sch

Doing analysis at TEMP = -40.000000 and TNOM = 27.000000

Using SPARSE 1.3 as Direct Linear Solver
Operating point simulation skipped by 'uic',
  now using transient initial conditions.
 Reference value :  2.25207e-07
 Reference value :  1.42250e-06
 Reference value :  2.84750e-06
 Reference value :  4.15750e-06
 Reference value :  5.46750e-06
 Reference value :  6.64750e-06
 Reference value :  7.87750e-06
 Reference value :  9.18250e-06
 Reference value :  1.04975e-05
 Reference value :  1.18525e-05
 Reference value :  1.32225e-05
 Reference value :  1.45075e-05
No. of Data Rows : 3025
tcross              =  1.396338e-06
Note: Simulation executed from .control section 
