
Note: No compatibility mode selected!


Circuit: ** sch_path: /foss/designs/thesis/workspace/thesis_hp/cace/_runs/run_2025-06-07_21-18-43/parameters/tran_params/run_082/foldedcascode-nmos-tran.sch

Doing analysis at TEMP = -40.000000 and TNOM = 27.000000

Using SPARSE 1.3 as Direct Linear Solver
Operating point simulation skipped by 'uic',
  now using transient initial conditions.
 Reference value :  4.32615e-08
 Reference value :  1.05326e-06
 Reference value :  1.52750e-06
 Reference value :  2.53250e-06
 Reference value :  3.74750e-06
 Reference value :  4.90750e-06
 Reference value :  6.22750e-06
 Reference value :  7.26750e-06
 Reference value :  8.08750e-06
 Reference value :  9.08250e-06
 Reference value :  1.00575e-05
 Reference value :  1.07625e-05
 Reference value :  1.19025e-05
 Reference value :  1.30925e-05
 Reference value :  1.43025e-05
 Reference value :  1.48825e-05
No. of Data Rows : 3026
tcross              =  1.338121e-06
Note: Simulation executed from .control section 
