
Note: No compatibility mode selected!


Circuit: ** sch_path: /foss/designs/thesis/workspace/thesis_hp/cace/_runs/run_2025-06-07_00-59-50/parameters/tran_params/run_041/foldedcascode-nmos-tran.sch

Doing analysis at TEMP = 27.000000 and TNOM = 27.000000

Using SPARSE 1.3 as Direct Linear Solver
Operating point simulation skipped by 'uic',
  now using transient initial conditions.
 Reference value :  1.09418e-07
 Reference value :  1.26250e-06
 Reference value :  2.20250e-06
 Reference value :  3.63250e-06
 Reference value :  5.08750e-06
 Reference value :  6.46250e-06
 Reference value :  7.89250e-06
 Reference value :  9.30750e-06
 Reference value :  1.06675e-05
 Reference value :  1.18125e-05
 Reference value :  1.31375e-05
 Reference value :  1.45575e-05
No. of Data Rows : 3025
tcross              =  1.353662e-06
Note: Simulation executed from .control section 
