
Note: No compatibility mode selected!


Circuit: ** sch_path: /foss/designs/thesis/workspace/thesis_hp/cace/_runs/run_2025-06-07_00-59-50/parameters/tran_params/run_022/foldedcascode-nmos-tran.sch

Doing analysis at TEMP = 130.000000 and TNOM = 27.000000

Using SPARSE 1.3 as Direct Linear Solver
Operating point simulation skipped by 'uic',
  now using transient initial conditions.
 Reference value :  1.53876e-07
 Reference value :  1.33250e-06
 Reference value :  2.68750e-06
 Reference value :  3.92250e-06
 Reference value :  5.12750e-06
 Reference value :  6.29750e-06
 Reference value :  7.56250e-06
 Reference value :  8.77250e-06
 Reference value :  1.00375e-05
 Reference value :  1.13125e-05
 Reference value :  1.27725e-05
 Reference value :  1.41725e-05
No. of Data Rows : 3025
tcross              =  1.364635e-06
Note: Simulation executed from .control section 
