
Note: No compatibility mode selected!


Circuit: ** sch_path: /foss/designs/thesis/workspace/thesis_hp/cace/_runs/run_2025-06-07_00-59-50/parameters/tran_params/run_104/foldedcascode-nmos-tran.sch

Doing analysis at TEMP = 130.000000 and TNOM = 27.000000

Using SPARSE 1.3 as Direct Linear Solver
Operating point simulation skipped by 'uic',
  now using transient initial conditions.
 Reference value :  9.31594e-11
 Reference value :  9.48967e-07
 Reference value :  1.77250e-06
 Reference value :  2.64750e-06
 Reference value :  3.58750e-06
 Reference value :  4.43250e-06
 Reference value :  5.46250e-06
 Reference value :  6.71750e-06
 Reference value :  7.87750e-06
 Reference value :  8.86250e-06
 Reference value :  9.73750e-06
 Reference value :  1.07675e-05
 Reference value :  1.17675e-05
 Reference value :  1.29125e-05
 Reference value :  1.40225e-05
No. of Data Rows : 3025
tcross              =  1.341627e-06
Note: Simulation executed from .control section 
