
Note: No compatibility mode selected!


Circuit: ** sch_path: /foss/designs/thesis/workspace/thesis_hp/cace/_runs/run_2025-06-07_21-18-43/parameters/tran_params/run_100/foldedcascode-nmos-tran.sch

Doing analysis at TEMP = 130.000000 and TNOM = 27.000000

Using SPARSE 1.3 as Direct Linear Solver
Operating point simulation skipped by 'uic',
  now using transient initial conditions.
 Reference value :  5.00000e-09
 Reference value :  8.63808e-07
 Reference value :  1.68250e-06
 Reference value :  3.05750e-06
 Reference value :  4.12750e-06
 Reference value :  4.88750e-06
 Reference value :  5.75750e-06
 Reference value :  6.96250e-06
 Reference value :  7.95750e-06
 Reference value :  9.04250e-06
 Reference value :  1.00575e-05
 Reference value :  1.12475e-05
 Reference value :  1.25175e-05
 Reference value :  1.38775e-05
No. of Data Rows : 3025
tcross              =  1.319287e-06
Note: Simulation executed from .control section 
