
Note: No compatibility mode selected!


Circuit: ** sch_path: /foss/designs/thesis/workspace/thesis_hp/cace/_runs/run_2025-06-07_00-59-50/parameters/tran_params/run_038/foldedcascode-nmos-tran.sch

Doing analysis at TEMP = 27.000000 and TNOM = 27.000000

Using SPARSE 1.3 as Direct Linear Solver
Operating point simulation skipped by 'uic',
  now using transient initial conditions.
 Reference value :  8.03933e-08
 Reference value :  1.20050e-06
 Reference value :  2.40250e-06
 Reference value :  3.68750e-06
 Reference value :  5.03750e-06
 Reference value :  6.51250e-06
 Reference value :  7.88750e-06
 Reference value :  9.26250e-06
 Reference value :  1.06875e-05
 Reference value :  1.20675e-05
 Reference value :  1.34275e-05
 Reference value :  1.48325e-05
No. of Data Rows : 3026
tcross              =  1.329141e-06
Note: Simulation executed from .control section 
