
Note: No compatibility mode selected!


Circuit: ** sch_path: /foss/designs/thesis/workspace/thesis_hp/cace/_runs/run_2025-06-07_21-18-43/parameters/tran_params/run_085/foldedcascode-nmos-tran.sch

Doing analysis at TEMP = -40.000000 and TNOM = 27.000000

Using SPARSE 1.3 as Direct Linear Solver
Operating point simulation skipped by 'uic',
  now using transient initial conditions.
 Reference value :  1.49272e-07
 Reference value :  1.29750e-06
 Reference value :  2.27250e-06
 Reference value :  3.68750e-06
 Reference value :  4.98750e-06
 Reference value :  6.25250e-06
 Reference value :  7.44250e-06
 Reference value :  8.83250e-06
 Reference value :  1.00725e-05
 Reference value :  1.13775e-05
 Reference value :  1.26325e-05
 Reference value :  1.40025e-05
No. of Data Rows : 3026
tcross              =  1.366366e-06
Note: Simulation executed from .control section 
