
Note: No compatibility mode selected!


Circuit: ** sch_path: /foss/designs/thesis/workspace/thesis_hp/cace/_runs/run_2025-06-07_00-59-50/parameters/tran_params/run_093/foldedcascode-nmos-tran.sch

Doing analysis at TEMP = 27.000000 and TNOM = 27.000000

Using SPARSE 1.3 as Direct Linear Solver
Operating point simulation skipped by 'uic',
  now using transient initial conditions.
 Reference value :  8.01985e-08
 Reference value :  1.09520e-06
 Reference value :  2.12250e-06
 Reference value :  3.35250e-06
 Reference value :  4.60750e-06
 Reference value :  5.85250e-06
 Reference value :  6.82750e-06
 Reference value :  8.04250e-06
 Reference value :  9.26750e-06
 Reference value :  1.03575e-05
 Reference value :  1.15625e-05
 Reference value :  1.23775e-05
 Reference value :  1.36175e-05
 Reference value :  1.47425e-05
No. of Data Rows : 3024
tcross              =  1.376337e-06
Note: Simulation executed from .control section 
