
Note: No compatibility mode selected!


Circuit: ** sch_path: /foss/designs/thesis/workspace/thesis_hp/cace/_runs/run_2025-06-07_21-18-43/parameters/tran_params/run_038/foldedcascode-nmos-tran.sch

Doing analysis at TEMP = 27.000000 and TNOM = 27.000000

Using SPARSE 1.3 as Direct Linear Solver
Operating point simulation skipped by 'uic',
  now using transient initial conditions.
 Reference value :  5.00000e-11
 Reference value :  5.65393e-07
 Reference value :  1.21750e-06
 Reference value :  1.91250e-06
 Reference value :  2.70750e-06
 Reference value :  3.54750e-06
 Reference value :  4.64250e-06
 Reference value :  5.89750e-06
 Reference value :  7.19750e-06
 Reference value :  8.21250e-06
 Reference value :  9.28750e-06
 Reference value :  1.04875e-05
 Reference value :  1.16875e-05
 Reference value :  1.30675e-05
 Reference value :  1.39375e-05
No. of Data Rows : 3026
tcross              =  1.329141e-06
Note: Simulation executed from .control section 
