
Note: No compatibility mode selected!


Circuit: ** sch_path: /foss/designs/thesis/workspace/thesis_hp/cace/_runs/run_2025-06-07_00-59-50/parameters/tran_params/run_096/foldedcascode-nmos-tran.sch

Doing analysis at TEMP = 27.000000 and TNOM = 27.000000

Using SPARSE 1.3 as Direct Linear Solver
Operating point simulation skipped by 'uic',
  now using transient initial conditions.
 Reference value :  9.31090e-11
 Reference value :  1.04546e-06
 Reference value :  2.19250e-06
 Reference value :  3.63250e-06
 Reference value :  5.01750e-06
 Reference value :  6.49250e-06
 Reference value :  7.92250e-06
 Reference value :  9.02250e-06
 Reference value :  1.01725e-05
 Reference value :  1.16825e-05
 Reference value :  1.31125e-05
 Reference value :  1.43475e-05
No. of Data Rows : 3024
tcross              =  1.408410e-06
Note: Simulation executed from .control section 
