
Note: No compatibility mode selected!


Circuit: ** sch_path: /foss/designs/thesis/workspace/thesis_hp/cace/_runs/run_2025-06-07_21-18-43/parameters/tran_params/run_129/foldedcascode-nmos-tran.sch

Doing analysis at TEMP = 130.000000 and TNOM = 27.000000

Using SPARSE 1.3 as Direct Linear Solver
Operating point simulation skipped by 'uic',
  now using transient initial conditions.
 Reference value :  1.65257e-07
 Reference value :  1.35750e-06
 Reference value :  2.65750e-06
 Reference value :  3.82750e-06
 Reference value :  5.13250e-06
 Reference value :  6.28250e-06
 Reference value :  7.40750e-06
 Reference value :  8.70750e-06
 Reference value :  1.00975e-05
 Reference value :  1.14925e-05
 Reference value :  1.31025e-05
No. of Data Rows : 3024
tcross              =  1.327889e-06
Note: Simulation executed from .control section 
