
Note: No compatibility mode selected!


Circuit: ** sch_path: /foss/designs/thesis/workspace/thesis_hp/cace/_runs/run_2025-06-07_00-59-50/parameters/tran_params/run_070/foldedcascode-nmos-tran.sch

Doing analysis at TEMP = 27.000000 and TNOM = 27.000000

Using SPARSE 1.3 as Direct Linear Solver
Operating point simulation skipped by 'uic',
  now using transient initial conditions.
 Reference value :  4.97865e-08
 Reference value :  1.20050e-06
 Reference value :  2.47750e-06
 Reference value :  3.79750e-06
 Reference value :  5.07750e-06
 Reference value :  6.34750e-06
 Reference value :  7.60750e-06
 Reference value :  8.94250e-06
 Reference value :  1.02875e-05
 Reference value :  1.16575e-05
 Reference value :  1.28425e-05
 Reference value :  1.41375e-05
No. of Data Rows : 3025
tcross              =  1.392035e-06
Note: Simulation executed from .control section 
