
Note: No compatibility mode selected!


Circuit: ** sch_path: /foss/designs/thesis/workspace/thesis_hp/cace/_runs/run_2025-06-07_21-18-43/parameters/tran_params/run_040/foldedcascode-nmos-tran.sch

Doing analysis at TEMP = 27.000000 and TNOM = 27.000000

Using SPARSE 1.3 as Direct Linear Solver
Operating point simulation skipped by 'uic',
  now using transient initial conditions.
 Reference value :  1.54249e-07
 Reference value :  1.29250e-06
 Reference value :  2.53250e-06
 Reference value :  3.88250e-06
 Reference value :  5.17750e-06
 Reference value :  6.45250e-06
 Reference value :  7.74750e-06
 Reference value :  9.21750e-06
 Reference value :  1.05675e-05
 Reference value :  1.18275e-05
 Reference value :  1.31675e-05
 Reference value :  1.45225e-05
No. of Data Rows : 3025
tcross              =  1.358195e-06
Note: Simulation executed from .control section 
