
Note: No compatibility mode selected!


Circuit: ** sch_path: /foss/designs/thesis/workspace/thesis_hp/cace/_runs/run_2025-06-07_00-59-50/parameters/tran_params/run_024/foldedcascode-nmos-tran.sch

Doing analysis at TEMP = 130.000000 and TNOM = 27.000000

Using SPARSE 1.3 as Direct Linear Solver
Operating point simulation skipped by 'uic',
  now using transient initial conditions.
 Reference value :  1.04784e-07
 Reference value :  1.25250e-06
 Reference value :  2.41250e-06
 Reference value :  3.72750e-06
 Reference value :  4.93250e-06
 Reference value :  6.24750e-06
 Reference value :  7.67250e-06
 Reference value :  9.08750e-06
 Reference value :  1.04775e-05
 Reference value :  1.19425e-05
 Reference value :  1.31325e-05
 Reference value :  1.44575e-05
No. of Data Rows : 3025
tcross              =  1.400229e-06
Note: Simulation executed from .control section 
