
Note: No compatibility mode selected!


Circuit: ** sch_path: /foss/designs/thesis/workspace/thesis_hp/cace/_runs/run_2025-06-07_00-59-50/parameters/tran_params/run_012/foldedcascode-nmos-tran.sch

Doing analysis at TEMP = 27.000000 and TNOM = 27.000000

Using SPARSE 1.3 as Direct Linear Solver
Operating point simulation skipped by 'uic',
  now using transient initial conditions.
 Reference value :  4.47336e-08
 Reference value :  1.22750e-06
 Reference value :  2.35250e-06
 Reference value :  3.65250e-06
 Reference value :  4.66250e-06
 Reference value :  5.98750e-06
 Reference value :  7.05250e-06
 Reference value :  8.17250e-06
 Reference value :  9.40250e-06
 Reference value :  1.06225e-05
 Reference value :  1.17975e-05
 Reference value :  1.29525e-05
 Reference value :  1.43775e-05
No. of Data Rows : 3025
tcross              =  1.379157e-06
Note: Simulation executed from .control section 
