
Note: No compatibility mode selected!


Circuit: ** sch_path: /foss/designs/thesis/workspace/thesis_hp/cace/_runs/run_2025-06-07_21-18-43/parameters/tran_params/run_103/foldedcascode-nmos-tran.sch

Doing analysis at TEMP = 130.000000 and TNOM = 27.000000

Using SPARSE 1.3 as Direct Linear Solver
Operating point simulation skipped by 'uic',
  now using transient initial conditions.
 Reference value :  9.42823e-08
 Reference value :  1.35250e-06
 Reference value :  2.78750e-06
 Reference value :  4.16250e-06
 Reference value :  5.46250e-06
 Reference value :  6.80750e-06
 Reference value :  8.13750e-06
 Reference value :  9.45750e-06
 Reference value :  1.07425e-05
 Reference value :  1.21425e-05
 Reference value :  1.33775e-05
 Reference value :  1.47025e-05
No. of Data Rows : 3025
tcross              =  1.346543e-06
Note: Simulation executed from .control section 
