
Note: No compatibility mode selected!


Circuit: ** sch_path: /foss/designs/thesis/workspace/thesis_hp/cace/_runs/run_2025-06-07_00-59-50/parameters/tran_params/run_047/foldedcascode-nmos-tran.sch

Doing analysis at TEMP = 130.000000 and TNOM = 27.000000

Using SPARSE 1.3 as Direct Linear Solver
Operating point simulation skipped by 'uic',
  now using transient initial conditions.
 Reference value :  7.93365e-08
 Reference value :  1.21250e-06
 Reference value :  2.50250e-06
 Reference value :  3.65750e-06
 Reference value :  4.87250e-06
 Reference value :  6.24750e-06
 Reference value :  7.58750e-06
 Reference value :  9.06750e-06
 Reference value :  1.04825e-05
 Reference value :  1.19675e-05
 Reference value :  1.34425e-05
 Reference value :  1.49475e-05
No. of Data Rows : 3025
tcross              =  1.320794e-06
Note: Simulation executed from .control section 
