
Note: No compatibility mode selected!


Circuit: ** sch_path: /foss/designs/thesis/workspace/thesis_hp/cace/_runs/run_2025-06-07_21-18-43/parameters/tran_params/run_116/foldedcascode-nmos-tran.sch

Doing analysis at TEMP = -40.000000 and TNOM = 27.000000

Using SPARSE 1.3 as Direct Linear Solver
Operating point simulation skipped by 'uic',
  now using transient initial conditions.
 Reference value :  9.05049e-08
 Reference value :  1.26750e-06
 Reference value :  2.59250e-06
 Reference value :  3.78750e-06
 Reference value :  4.93250e-06
 Reference value :  6.22250e-06
 Reference value :  7.51250e-06
 Reference value :  8.80750e-06
 Reference value :  1.00875e-05
 Reference value :  1.13875e-05
 Reference value :  1.27775e-05
 Reference value :  1.42525e-05
No. of Data Rows : 3024
tcross              =  1.370984e-06
Note: Simulation executed from .control section 
