
Note: No compatibility mode selected!


Circuit: ** sch_path: /foss/designs/thesis/workspace/thesis_hp/cace/_runs/run_2025-06-07_21-18-43/parameters/tran_params/run_003/foldedcascode-nmos-tran.sch

Doing analysis at TEMP = -40.000000 and TNOM = 27.000000

Using SPARSE 1.3 as Direct Linear Solver
Operating point simulation skipped by 'uic',
  now using transient initial conditions.
 Reference value :  1.24158e-07
 Reference value :  1.15250e-06
 Reference value :  2.12250e-06
 Reference value :  2.99750e-06
 Reference value :  3.69750e-06
 Reference value :  4.29250e-06
 Reference value :  5.06250e-06
 Reference value :  5.85750e-06
 Reference value :  6.65250e-06
 Reference value :  7.49750e-06
 Reference value :  8.56250e-06
 Reference value :  9.79750e-06
 Reference value :  1.09875e-05
 Reference value :  1.22225e-05
 Reference value :  1.34275e-05
 Reference value :  1.46675e-05
No. of Data Rows : 3026
tcross              =  1.377067e-06
Note: Simulation executed from .control section 
