
Note: No compatibility mode selected!


Circuit: ** sch_path: /foss/designs/thesis/workspace/thesis_hp/cace/_runs/run_2025-06-07_21-18-43/parameters/tran_params/run_059/foldedcascode-nmos-tran.sch

Doing analysis at TEMP = -40.000000 and TNOM = 27.000000

Using SPARSE 1.3 as Direct Linear Solver
Operating point simulation skipped by 'uic',
  now using transient initial conditions.
 Reference value :  1.44917e-07
 Reference value :  1.26250e-06
 Reference value :  2.50750e-06
 Reference value :  3.95250e-06
 Reference value :  5.38750e-06
 Reference value :  6.73750e-06
 Reference value :  7.94250e-06
 Reference value :  9.15750e-06
 Reference value :  1.04825e-05
 Reference value :  1.17275e-05
 Reference value :  1.30475e-05
 Reference value :  1.43425e-05
No. of Data Rows : 3027
tcross              =  1.353754e-06
Note: Simulation executed from .control section 
