
Note: No compatibility mode selected!


Circuit: ** sch_path: /foss/designs/thesis/workspace/thesis_hp/cace/_runs/run_2025-06-07_00-59-50/parameters/tran_params/run_058/foldedcascode-nmos-tran.sch

Doing analysis at TEMP = -40.000000 and TNOM = 27.000000

Using SPARSE 1.3 as Direct Linear Solver
Operating point simulation skipped by 'uic',
  now using transient initial conditions.
 Reference value :  5.47157e-08
 Reference value :  1.20150e-06
 Reference value :  2.40750e-06
 Reference value :  3.69250e-06
 Reference value :  4.91750e-06
 Reference value :  6.34250e-06
 Reference value :  7.74750e-06
 Reference value :  9.16250e-06
 Reference value :  1.05975e-05
 Reference value :  1.20625e-05
 Reference value :  1.34975e-05
 Reference value :  1.47125e-05
No. of Data Rows : 3026
tcross              =  1.359558e-06
Note: Simulation executed from .control section 
