
Note: No compatibility mode selected!


Circuit: ** sch_path: /foss/designs/thesis/workspace/thesis_hp/cace/_runs/run_2025-06-07_21-18-43/parameters/tran_params/run_057/foldedcascode-nmos-tran.sch

Doing analysis at TEMP = -40.000000 and TNOM = 27.000000

Using SPARSE 1.3 as Direct Linear Solver
Operating point simulation skipped by 'uic',
  now using transient initial conditions.
 Reference value :  1.89529e-07
 Reference value :  1.38750e-06
 Reference value :  2.67250e-06
 Reference value :  4.06250e-06
 Reference value :  5.24750e-06
 Reference value :  6.61750e-06
 Reference value :  8.11250e-06
 Reference value :  9.50750e-06
 Reference value :  1.09175e-05
 Reference value :  1.20825e-05
 Reference value :  1.32875e-05
 Reference value :  1.45675e-05
No. of Data Rows : 3026
tcross              =  1.366075e-06
Note: Simulation executed from .control section 
