
Note: No compatibility mode selected!


Circuit: ** sch_path: /foss/designs/thesis/workspace/thesis_hp/cace/_runs/run_2025-06-07_21-18-43/parameters/tran_params/run_073/foldedcascode-nmos-tran.sch

Doing analysis at TEMP = 130.000000 and TNOM = 27.000000

Using SPARSE 1.3 as Direct Linear Solver
Operating point simulation skipped by 'uic',
  now using transient initial conditions.
 Reference value :  5.91194e-08
 Reference value :  1.27750e-06
 Reference value :  2.42750e-06
 Reference value :  3.81250e-06
 Reference value :  5.20750e-06
 Reference value :  6.57750e-06
 Reference value :  8.00250e-06
 Reference value :  9.33750e-06
 Reference value :  1.06325e-05
 Reference value :  1.20475e-05
 Reference value :  1.33925e-05
 Reference value :  1.46375e-05
No. of Data Rows : 3025
tcross              =  1.321742e-06
Note: Simulation executed from .control section 
