
Note: No compatibility mode selected!


Circuit: ** sch_path: /foss/designs/thesis/workspace/thesis_hp/cace/_runs/run_2025-06-07_21-18-43/parameters/tran_params/run_001/foldedcascode-nmos-tran.sch

Doing analysis at TEMP = -40.000000 and TNOM = 27.000000

Using SPARSE 1.3 as Direct Linear Solver
Operating point simulation skipped by 'uic',
  now using transient initial conditions.
 Reference value :  9.21194e-08
 Reference value :  1.27250e-06
 Reference value :  2.50250e-06
 Reference value :  3.95750e-06
 Reference value :  5.33250e-06
 Reference value :  6.74250e-06
 Reference value :  8.04750e-06
 Reference value :  9.29250e-06
 Reference value :  1.05025e-05
 Reference value :  1.17375e-05
 Reference value :  1.29625e-05
 Reference value :  1.41875e-05
No. of Data Rows : 3025
tcross              =  1.341123e-06
Note: Simulation executed from .control section 
