
Note: No compatibility mode selected!


Circuit: ** sch_path: /foss/designs/thesis/workspace/thesis_hp/cace/_runs/run_2025-06-07_21-18-43/parameters/tran_params/run_067/foldedcascode-nmos-tran.sch

Doing analysis at TEMP = 27.000000 and TNOM = 27.000000

Using SPARSE 1.3 as Direct Linear Solver
Operating point simulation skipped by 'uic',
  now using transient initial conditions.
 Reference value :  1.42166e-08
 Reference value :  1.10750e-06
 Reference value :  2.05750e-06
 Reference value :  3.39750e-06
 Reference value :  4.74750e-06
 Reference value :  6.01250e-06
 Reference value :  7.22250e-06
 Reference value :  8.52250e-06
 Reference value :  9.94750e-06
 Reference value :  1.14125e-05
 Reference value :  1.27125e-05
 Reference value :  1.39825e-05
No. of Data Rows : 3025
tcross              =  1.363395e-06
Note: Simulation executed from .control section 
