
Note: No compatibility mode selected!


Circuit: ** sch_path: /foss/designs/thesis/workspace/thesis_hp/cace/_runs/run_2025-06-07_00-59-50/parameters/tran_params/run_031/foldedcascode-nmos-tran.sch

Doing analysis at TEMP = -40.000000 and TNOM = 27.000000

Using SPARSE 1.3 as Direct Linear Solver
Operating point simulation skipped by 'uic',
  now using transient initial conditions.
 Reference value :  5.00000e-11
 Reference value :  1.06989e-06
 Reference value :  1.71750e-06
 Reference value :  2.56750e-06
 Reference value :  3.37250e-06
 Reference value :  4.73250e-06
 Reference value :  6.07750e-06
 Reference value :  7.47250e-06
 Reference value :  8.86250e-06
 Reference value :  1.01825e-05
 Reference value :  1.14725e-05
 Reference value :  1.28525e-05
 Reference value :  1.42575e-05
No. of Data Rows : 3027
tcross              =  1.354010e-06
Note: Simulation executed from .control section 
