
Note: No compatibility mode selected!


Circuit: ** sch_path: /foss/designs/thesis/workspace/thesis_hp/cace/_runs/run_2025-06-07_00-59-50/parameters/tran_params/run_111/foldedcascode-nmos-tran.sch

Doing analysis at TEMP = -40.000000 and TNOM = 27.000000

Using SPARSE 1.3 as Direct Linear Solver
Operating point simulation skipped by 'uic',
  now using transient initial conditions.
 Reference value :  5.00000e-11
 Reference value :  1.02040e-06
 Reference value :  1.77450e-06
 Reference value :  2.87450e-06
 Reference value :  4.03950e-06
 Reference value :  5.35950e-06
 Reference value :  6.54450e-06
 Reference value :  7.93950e-06
 Reference value :  9.29950e-06
 Reference value :  1.06895e-05
 Reference value :  1.20595e-05
 Reference value :  1.34395e-05
 Reference value :  1.46645e-05
No. of Data Rows : 3026
tcross              =  1.356433e-06
Note: Simulation executed from .control section 
