
Note: No compatibility mode selected!


Circuit: ** sch_path: /foss/designs/thesis/workspace/thesis_hp/cace/_runs/run_2025-06-07_21-18-43/parameters/tran_params/run_014/foldedcascode-nmos-tran.sch

Doing analysis at TEMP = 27.000000 and TNOM = 27.000000

Using SPARSE 1.3 as Direct Linear Solver
Operating point simulation skipped by 'uic',
  now using transient initial conditions.
 Reference value :  8.41790e-08
 Reference value :  1.20150e-06
 Reference value :  2.31250e-06
 Reference value :  3.53250e-06
 Reference value :  4.81250e-06
 Reference value :  6.11750e-06
 Reference value :  7.25250e-06
 Reference value :  8.38750e-06
 Reference value :  9.76750e-06
 Reference value :  1.09825e-05
 Reference value :  1.19775e-05
 Reference value :  1.32775e-05
 Reference value :  1.45925e-05
No. of Data Rows : 3025
tcross              =  1.366749e-06
Note: Simulation executed from .control section 
