
Note: No compatibility mode selected!


Circuit: ** sch_path: /foss/designs/thesis/workspace/thesis_hp/cace/_runs/run_2025-06-07_00-59-50/parameters/tran_params/run_074/foldedcascode-nmos-tran.sch

Doing analysis at TEMP = 130.000000 and TNOM = 27.000000

Using SPARSE 1.3 as Direct Linear Solver
Operating point simulation skipped by 'uic',
  now using transient initial conditions.
 Reference value :  1.91691e-08
 Reference value :  1.19750e-06
 Reference value :  2.44750e-06
 Reference value :  3.83750e-06
 Reference value :  5.29250e-06
 Reference value :  6.55250e-06
 Reference value :  7.69250e-06
 Reference value :  8.81750e-06
 Reference value :  1.02675e-05
 Reference value :  1.14775e-05
 Reference value :  1.26725e-05
 Reference value :  1.41575e-05
No. of Data Rows : 3025
tcross              =  1.318464e-06
Note: Simulation executed from .control section 
