
Note: No compatibility mode selected!


Circuit: ** sch_path: /foss/designs/thesis/workspace/thesis_hp/cace/_runs/run_2025-06-07_00-59-50/parameters/tran_params/run_105/foldedcascode-nmos-tran.sch

Doing analysis at TEMP = 130.000000 and TNOM = 27.000000

Using SPARSE 1.3 as Direct Linear Solver
Operating point simulation skipped by 'uic',
  now using transient initial conditions.
 Reference value :  4.48584e-08
 Reference value :  1.11878e-06
 Reference value :  2.07250e-06
 Reference value :  3.22250e-06
 Reference value :  4.31250e-06
 Reference value :  5.25250e-06
 Reference value :  6.33250e-06
 Reference value :  7.44750e-06
 Reference value :  8.54250e-06
 Reference value :  9.54250e-06
 Reference value :  1.08075e-05
 Reference value :  1.18525e-05
 Reference value :  1.28325e-05
 Reference value :  1.40525e-05
No. of Data Rows : 3026
tcross              =  1.382104e-06
Note: Simulation executed from .control section 
