
Note: No compatibility mode selected!


Circuit: ** sch_path: /foss/designs/thesis/workspace/thesis_hp/cace/_runs/run_2025-06-07_00-59-50/parameters/tran_params/run_014/foldedcascode-nmos-tran.sch

Doing analysis at TEMP = 27.000000 and TNOM = 27.000000

Using SPARSE 1.3 as Direct Linear Solver
Operating point simulation skipped by 'uic',
  now using transient initial conditions.
 Reference value :  1.64179e-07
 Reference value :  1.33250e-06
 Reference value :  2.60250e-06
 Reference value :  3.76250e-06
 Reference value :  5.00250e-06
 Reference value :  6.24750e-06
 Reference value :  7.43250e-06
 Reference value :  8.63750e-06
 Reference value :  9.91750e-06
 Reference value :  1.12025e-05
 Reference value :  1.25425e-05
 Reference value :  1.39275e-05
No. of Data Rows : 3025
tcross              =  1.366749e-06
Note: Simulation executed from .control section 
