
Note: No compatibility mode selected!


Circuit: ** sch_path: /foss/designs/thesis/workspace/thesis_hp/cace/_runs/run_2025-06-07_00-59-50/parameters/tran_params/run_037/foldedcascode-nmos-tran.sch

Doing analysis at TEMP = 27.000000 and TNOM = 27.000000

Using SPARSE 1.3 as Direct Linear Solver
Operating point simulation skipped by 'uic',
  now using transient initial conditions.
 Reference value :  5.36948e-08
 Reference value :  1.14750e-06
 Reference value :  2.29750e-06
 Reference value :  3.49750e-06
 Reference value :  4.88250e-06
 Reference value :  6.30750e-06
 Reference value :  7.80750e-06
 Reference value :  9.15750e-06
 Reference value :  1.05425e-05
 Reference value :  1.19175e-05
 Reference value :  1.33375e-05
 Reference value :  1.45375e-05
No. of Data Rows : 3025
tcross              =  1.332615e-06
Note: Simulation executed from .control section 
