
Note: No compatibility mode selected!


Circuit: ** sch_path: /foss/designs/thesis/workspace/thesis_hp/cace/_runs/run_2025-06-07_21-18-43/parameters/tran_params/run_007/foldedcascode-nmos-tran.sch

Doing analysis at TEMP = -40.000000 and TNOM = 27.000000

Using SPARSE 1.3 as Direct Linear Solver
Operating point simulation skipped by 'uic',
  now using transient initial conditions.
 Reference value :  1.40260e-07
 Reference value :  1.38750e-06
 Reference value :  2.64750e-06
 Reference value :  3.84750e-06
 Reference value :  5.10250e-06
 Reference value :  6.24250e-06
 Reference value :  7.08750e-06
 Reference value :  7.57250e-06
 Reference value :  8.34750e-06
 Reference value :  9.11750e-06
 Reference value :  9.85750e-06
 Reference value :  1.07425e-05
 Reference value :  1.19025e-05
 Reference value :  1.32075e-05
 Reference value :  1.44875e-05
No. of Data Rows : 3025
tcross              =  1.400388e-06
Note: Simulation executed from .control section 
