
Note: No compatibility mode selected!


Circuit: ** sch_path: /foss/designs/thesis/workspace/thesis_hp/cace/_runs/run_2025-06-07_00-59-50/parameters/tran_params/run_084/foldedcascode-nmos-tran.sch

Doing analysis at TEMP = -40.000000 and TNOM = 27.000000

Using SPARSE 1.3 as Direct Linear Solver
Operating point simulation skipped by 'uic',
  now using transient initial conditions.
 Reference value :  1.79842e-07
 Reference value :  1.25250e-06
 Reference value :  2.62750e-06
 Reference value :  4.04250e-06
 Reference value :  5.27250e-06
 Reference value :  6.65250e-06
 Reference value :  8.03250e-06
 Reference value :  9.35250e-06
 Reference value :  1.08175e-05
 Reference value :  1.22425e-05
 Reference value :  1.37625e-05
No. of Data Rows : 3026
tcross              =  1.373999e-06
Note: Simulation executed from .control section 
