
Note: No compatibility mode selected!


Circuit: ** sch_path: /foss/designs/thesis/workspace/thesis_hp/cace/_runs/run_2025-06-07_00-59-50/parameters/tran_params/run_002/foldedcascode-nmos-tran.sch

Doing analysis at TEMP = -40.000000 and TNOM = 27.000000

Using SPARSE 1.3 as Direct Linear Solver
Operating point simulation skipped by 'uic',
  now using transient initial conditions.
 Reference value :  1.17033e-07
 Reference value :  1.29250e-06
 Reference value :  2.30250e-06
 Reference value :  3.58750e-06
 Reference value :  5.05250e-06
 Reference value :  6.31750e-06
 Reference value :  7.35250e-06
 Reference value :  8.66250e-06
 Reference value :  1.00975e-05
 Reference value :  1.14775e-05
 Reference value :  1.27425e-05
 Reference value :  1.40325e-05
No. of Data Rows : 3025
tcross              =  1.336184e-06
Note: Simulation executed from .control section 
