
Note: No compatibility mode selected!


Circuit: ** sch_path: /foss/designs/thesis/workspace/thesis_hp/cace/_runs/run_2025-06-07_21-18-43/parameters/tran_params/run_033/foldedcascode-nmos-tran.sch

Doing analysis at TEMP = -40.000000 and TNOM = 27.000000

Using SPARSE 1.3 as Direct Linear Solver
Operating point simulation skipped by 'uic',
  now using transient initial conditions.
 Reference value :  5.00000e-11
 Reference value :  1.02498e-06
 Reference value :  1.97750e-06
 Reference value :  3.04750e-06
 Reference value :  3.92250e-06
 Reference value :  4.71750e-06
 Reference value :  5.56250e-06
 Reference value :  6.38250e-06
 Reference value :  7.21250e-06
 Reference value :  8.15750e-06
 Reference value :  9.45250e-06
 Reference value :  1.08875e-05
 Reference value :  1.20525e-05
 Reference value :  1.30125e-05
 Reference value :  1.43175e-05
No. of Data Rows : 3029
tcross              =  1.388071e-06
Note: Simulation executed from .control section 
