
Note: No compatibility mode selected!


Circuit: ** sch_path: /foss/designs/thesis/workspace/thesis_hp/cace/_runs/run_2025-06-07_00-59-50/parameters/tran_params/run_115/foldedcascode-nmos-tran.sch

Doing analysis at TEMP = -40.000000 and TNOM = 27.000000

Using SPARSE 1.3 as Direct Linear Solver
Operating point simulation skipped by 'uic',
  now using transient initial conditions.
 Reference value :  8.06544e-08
 Reference value :  1.28750e-06
 Reference value :  2.51750e-06
 Reference value :  3.67750e-06
 Reference value :  4.90750e-06
 Reference value :  6.24250e-06
 Reference value :  7.30750e-06
 Reference value :  8.58250e-06
 Reference value :  9.84750e-06
 Reference value :  1.12175e-05
 Reference value :  1.26675e-05
 Reference value :  1.40875e-05
No. of Data Rows : 3024
tcross              =  1.377434e-06
Note: Simulation executed from .control section 
