
Note: No compatibility mode selected!


Circuit: ** sch_path: /foss/designs/thesis/workspace/thesis_hp/cace/_runs/run_2025-06-07_21-18-43/parameters/tran_params/run_092/foldedcascode-nmos-tran.sch

Doing analysis at TEMP = 27.000000 and TNOM = 27.000000

Using SPARSE 1.3 as Direct Linear Solver
Operating point simulation skipped by 'uic',
  now using transient initial conditions.
 Reference value :  4.39220e-08
 Reference value :  1.08392e-06
 Reference value :  1.52250e-06
 Reference value :  2.28750e-06
 Reference value :  3.62750e-06
 Reference value :  4.75750e-06
 Reference value :  5.80250e-06
 Reference value :  6.95250e-06
 Reference value :  8.20750e-06
 Reference value :  9.19250e-06
 Reference value :  1.02075e-05
 Reference value :  1.13325e-05
 Reference value :  1.22425e-05
 Reference value :  1.30525e-05
 Reference value :  1.40175e-05
No. of Data Rows : 3025
tcross              =  1.336608e-06
Note: Simulation executed from .control section 
