
Note: No compatibility mode selected!


Circuit: ** sch_path: /foss/designs/thesis/workspace/thesis_hp/cace/_runs/run_2025-06-07_21-18-43/parameters/tran_params/run_068/foldedcascode-nmos-tran.sch

Doing analysis at TEMP = 27.000000 and TNOM = 27.000000

Using SPARSE 1.3 as Direct Linear Solver
Operating point simulation skipped by 'uic',
  now using transient initial conditions.
 Reference value :  5.00000e-11
 Reference value :  3.83910e-07
 Reference value :  1.27250e-06
 Reference value :  1.94750e-06
 Reference value :  2.74250e-06
 Reference value :  3.78750e-06
 Reference value :  4.42250e-06
 Reference value :  5.33750e-06
 Reference value :  6.40750e-06
 Reference value :  7.68250e-06
 Reference value :  8.88250e-06
 Reference value :  1.00525e-05
 Reference value :  1.09525e-05
 Reference value :  1.17975e-05
 Reference value :  1.28775e-05
 Reference value :  1.37875e-05
 Reference value :  1.48825e-05
No. of Data Rows : 3025
tcross              =  1.358189e-06
Note: Simulation executed from .control section 
