
Note: No compatibility mode selected!


Circuit: ** sch_path: /foss/designs/thesis/workspace/thesis_hp/cace/_runs/run_2025-06-07_00-59-50/parameters/tran_params/run_098/foldedcascode-nmos-tran.sch

Doing analysis at TEMP = 27.000000 and TNOM = 27.000000

Using SPARSE 1.3 as Direct Linear Solver
Operating point simulation skipped by 'uic',
  now using transient initial conditions.
 Reference value :  9.96491e-08
 Reference value :  1.24750e-06
 Reference value :  2.60750e-06
 Reference value :  4.12250e-06
 Reference value :  5.64250e-06
 Reference value :  6.68750e-06
 Reference value :  7.88250e-06
 Reference value :  9.13750e-06
 Reference value :  1.06525e-05
 Reference value :  1.18625e-05
 Reference value :  1.30375e-05
 Reference value :  1.42025e-05
No. of Data Rows : 3025
tcross              =  1.392364e-06
Note: Simulation executed from .control section 
