
Note: No compatibility mode selected!


Circuit: ** sch_path: /foss/designs/thesis/workspace/thesis_hp/cace/_runs/run_2025-06-07_21-18-43/parameters/tran_params/run_061/foldedcascode-nmos-tran.sch

Doing analysis at TEMP = -40.000000 and TNOM = 27.000000

Using SPARSE 1.3 as Direct Linear Solver
Operating point simulation skipped by 'uic',
  now using transient initial conditions.
 Reference value :  5.00000e-11
 Reference value :  6.69876e-07
 Reference value :  1.37250e-06
 Reference value :  2.57750e-06
 Reference value :  3.80250e-06
 Reference value :  4.75250e-06
 Reference value :  5.38250e-06
 Reference value :  6.07250e-06
 Reference value :  6.74750e-06
 Reference value :  7.37250e-06
 Reference value :  8.01750e-06
 Reference value :  8.97250e-06
 Reference value :  9.81750e-06
 Reference value :  1.07325e-05
 Reference value :  1.13425e-05
 Reference value :  1.21275e-05
 Reference value :  1.31975e-05
 Reference value :  1.44275e-05
No. of Data Rows : 3027
tcross              =  1.388052e-06
Note: Simulation executed from .control section 
