
Note: No compatibility mode selected!


Circuit: ** sch_path: /foss/designs/thesis/workspace/thesis_hp/cace/_runs/run_2025-06-07_21-18-43/parameters/tran_params/run_012/foldedcascode-nmos-tran.sch

Doing analysis at TEMP = 27.000000 and TNOM = 27.000000

Using SPARSE 1.3 as Direct Linear Solver
Operating point simulation skipped by 'uic',
  now using transient initial conditions.
 Reference value :  1.99734e-07
 Reference value :  1.25250e-06
 Reference value :  2.40250e-06
 Reference value :  3.67750e-06
 Reference value :  5.02750e-06
 Reference value :  6.35250e-06
 Reference value :  7.58250e-06
 Reference value :  8.85750e-06
 Reference value :  1.02975e-05
 Reference value :  1.16325e-05
 Reference value :  1.29125e-05
 Reference value :  1.42275e-05
No. of Data Rows : 3025
tcross              =  1.379157e-06
Note: Simulation executed from .control section 
