
Note: No compatibility mode selected!


Circuit: ** sch_path: /foss/designs/thesis/workspace/thesis_hp/cace/_runs/run_2025-06-07_21-18-43/parameters/tran_params/run_126/foldedcascode-nmos-tran.sch

Doing analysis at TEMP = 130.000000 and TNOM = 27.000000

Using SPARSE 1.3 as Direct Linear Solver
Operating point simulation skipped by 'uic',
  now using transient initial conditions.
 Reference value :  2.46153e-08
 Reference value :  1.14750e-06
 Reference value :  2.12750e-06
 Reference value :  2.96750e-06
 Reference value :  4.23250e-06
 Reference value :  5.15250e-06
 Reference value :  6.17250e-06
 Reference value :  7.50750e-06
 Reference value :  8.71250e-06
 Reference value :  9.83250e-06
 Reference value :  1.10475e-05
 Reference value :  1.21725e-05
 Reference value :  1.30925e-05
 Reference value :  1.40925e-05
No. of Data Rows : 3025
tcross              =  1.301931e-06
Note: Simulation executed from .control section 
