
Note: No compatibility mode selected!


Circuit: ** sch_path: /foss/designs/thesis/workspace/thesis_hp/cace/_runs/run_2025-06-07_00-59-50/parameters/tran_params/run_116/foldedcascode-nmos-tran.sch

Doing analysis at TEMP = -40.000000 and TNOM = 27.000000

Using SPARSE 1.3 as Direct Linear Solver
Operating point simulation skipped by 'uic',
  now using transient initial conditions.
 Reference value :  5.97428e-11
 Reference value :  1.01050e-06
 Reference value :  2.08250e-06
 Reference value :  3.38750e-06
 Reference value :  4.76250e-06
 Reference value :  6.13750e-06
 Reference value :  7.37250e-06
 Reference value :  8.58750e-06
 Reference value :  1.00025e-05
 Reference value :  1.14325e-05
 Reference value :  1.28125e-05
 Reference value :  1.43025e-05
No. of Data Rows : 3024
tcross              =  1.370984e-06
Note: Simulation executed from .control section 
