
Note: No compatibility mode selected!


Circuit: ** sch_path: /foss/designs/thesis/workspace/thesis_hp/cace/_runs/run_2025-06-07_01-35-42/parameters/tran_params/run_116/foldedcascode-nmos-tran.sch

Doing analysis at TEMP = -40.000000 and TNOM = 27.000000

Using SPARSE 1.3 as Direct Linear Solver
Operating point simulation skipped by 'uic',
  now using transient initial conditions.
 Reference value :  4.45505e-07
 Reference value :  2.08250e-06
 Reference value :  3.38250e-06
 Reference value :  4.89750e-06
 Reference value :  6.14250e-06
 Reference value :  7.84750e-06
 Reference value :  8.86750e-06
 Reference value :  1.00075e-05
 Reference value :  1.13175e-05
 Reference value :  1.27625e-05
 Reference value :  1.36475e-05
No. of Data Rows : 3024
tcross              =  1.370984e-06
Note: Simulation executed from .control section 
