
Note: No compatibility mode selected!


Circuit: ** sch_path: /foss/designs/thesis/workspace/thesis_hp/cace/_runs/run_2025-06-07_21-18-43/parameters/tran_params/run_027/foldedcascode-nmos-tran.sch

Doing analysis at TEMP = -40.000000 and TNOM = 27.000000

Using SPARSE 1.3 as Direct Linear Solver
Operating point simulation skipped by 'uic',
  now using transient initial conditions.
 Reference value :  2.51774e-07
 Reference value :  1.30750e-06
 Reference value :  2.58250e-06
 Reference value :  3.86750e-06
 Reference value :  5.36250e-06
 Reference value :  6.73250e-06
 Reference value :  8.16250e-06
 Reference value :  9.58750e-06
 Reference value :  1.10175e-05
 Reference value :  1.24425e-05
 Reference value :  1.37675e-05
 Reference value :  1.49975e-05
No. of Data Rows : 3025
tcross              =  1.333175e-06
Note: Simulation executed from .control section 
