
Note: No compatibility mode selected!


Circuit: ** sch_path: /foss/designs/thesis/workspace/thesis_hp/cace/_runs/run_2025-06-07_00-59-50/parameters/tran_params/run_004/foldedcascode-nmos-tran.sch

Doing analysis at TEMP = -40.000000 and TNOM = 27.000000

Using SPARSE 1.3 as Direct Linear Solver
Operating point simulation skipped by 'uic',
  now using transient initial conditions.
 Reference value :  1.93904e-07
 Reference value :  1.34750e-06
 Reference value :  2.50250e-06
 Reference value :  3.62750e-06
 Reference value :  4.48750e-06
 Reference value :  5.34250e-06
 Reference value :  6.18750e-06
 Reference value :  7.19750e-06
 Reference value :  8.42750e-06
 Reference value :  9.62750e-06
 Reference value :  1.06375e-05
 Reference value :  1.18325e-05
 Reference value :  1.28175e-05
 Reference value :  1.38975e-05
No. of Data Rows : 3026
tcross              =  1.369616e-06
Note: Simulation executed from .control section 
