
Note: No compatibility mode selected!


Circuit: ** sch_path: /foss/designs/thesis/workspace/thesis_hp/cace/_runs/run_2025-06-07_00-59-50/parameters/tran_params/run_045/foldedcascode-nmos-tran.sch

Doing analysis at TEMP = 130.000000 and TNOM = 27.000000

Using SPARSE 1.3 as Direct Linear Solver
Operating point simulation skipped by 'uic',
  now using transient initial conditions.
 Reference value :  1.24718e-07
 Reference value :  1.33250e-06
 Reference value :  2.64250e-06
 Reference value :  3.93250e-06
 Reference value :  5.12750e-06
 Reference value :  6.50750e-06
 Reference value :  7.86750e-06
 Reference value :  9.26250e-06
 Reference value :  1.06275e-05
 Reference value :  1.20025e-05
 Reference value :  1.32575e-05
 Reference value :  1.47175e-05
No. of Data Rows : 3025
tcross              =  1.326736e-06
Note: Simulation executed from .control section 
