
Note: No compatibility mode selected!


Circuit: ** sch_path: /foss/designs/thesis/workspace/thesis_hp/cace/_runs/run_2025-06-07_21-18-43/parameters/tran_params/run_037/foldedcascode-nmos-tran.sch

Doing analysis at TEMP = 27.000000 and TNOM = 27.000000

Using SPARSE 1.3 as Direct Linear Solver
Operating point simulation skipped by 'uic',
  now using transient initial conditions.
 Reference value :  2.36948e-08
 Reference value :  1.17750e-06
 Reference value :  2.44250e-06
 Reference value :  3.87750e-06
 Reference value :  5.29250e-06
 Reference value :  6.65250e-06
 Reference value :  8.02250e-06
 Reference value :  9.35750e-06
 Reference value :  1.05925e-05
 Reference value :  1.19325e-05
 Reference value :  1.32525e-05
 Reference value :  1.45125e-05
No. of Data Rows : 3025
tcross              =  1.332615e-06
Note: Simulation executed from .control section 
