
Note: No compatibility mode selected!


Circuit: ** sch_path: /foss/designs/thesis/workspace/thesis_hp/cace/_runs/run_2025-06-07_21-18-43/parameters/tran_params/run_046/foldedcascode-nmos-tran.sch

Doing analysis at TEMP = 130.000000 and TNOM = 27.000000

Using SPARSE 1.3 as Direct Linear Solver
Operating point simulation skipped by 'uic',
  now using transient initial conditions.
 Reference value :  1.14927e-07
 Reference value :  1.29250e-06
 Reference value :  2.53250e-06
 Reference value :  4.00750e-06
 Reference value :  5.43250e-06
 Reference value :  6.78250e-06
 Reference value :  8.11250e-06
 Reference value :  9.33250e-06
 Reference value :  1.05675e-05
 Reference value :  1.17975e-05
 Reference value :  1.31275e-05
 Reference value :  1.43675e-05
No. of Data Rows : 3027
tcross              =  1.323681e-06
Note: Simulation executed from .control section 
