
Note: No compatibility mode selected!


Circuit: ** sch_path: /foss/designs/thesis/workspace/thesis_hp/cace/_runs/run_2025-06-07_21-18-43/parameters/tran_params/run_098/foldedcascode-nmos-tran.sch

Doing analysis at TEMP = 27.000000 and TNOM = 27.000000

Using SPARSE 1.3 as Direct Linear Solver
Operating point simulation skipped by 'uic',
  now using transient initial conditions.
 Reference value :  8.96491e-08
 Reference value :  1.20750e-06
 Reference value :  2.08250e-06
 Reference value :  3.09750e-06
 Reference value :  4.39750e-06
 Reference value :  5.51250e-06
 Reference value :  6.27250e-06
 Reference value :  7.07750e-06
 Reference value :  8.39750e-06
 Reference value :  9.78750e-06
 Reference value :  1.10675e-05
 Reference value :  1.21125e-05
 Reference value :  1.31725e-05
 Reference value :  1.42025e-05
No. of Data Rows : 3025
tcross              =  1.392364e-06
Note: Simulation executed from .control section 
