
Note: No compatibility mode selected!


Circuit: ** sch_path: /foss/designs/thesis/workspace/thesis_hp/cace/_runs/run_2025-06-07_00-59-50/parameters/tran_params/run_016/foldedcascode-nmos-tran.sch

Doing analysis at TEMP = 27.000000 and TNOM = 27.000000

Using SPARSE 1.3 as Direct Linear Solver
Operating point simulation skipped by 'uic',
  now using transient initial conditions.
 Reference value :  9.99342e-08
 Reference value :  1.26250e-06
 Reference value :  2.49750e-06
 Reference value :  3.64750e-06
 Reference value :  4.89250e-06
 Reference value :  6.17250e-06
 Reference value :  7.49250e-06
 Reference value :  8.88250e-06
 Reference value :  1.02175e-05
 Reference value :  1.15325e-05
 Reference value :  1.27975e-05
 Reference value :  1.41925e-05
No. of Data Rows : 3027
tcross              =  1.403271e-06
Note: Simulation executed from .control section 
