
Note: No compatibility mode selected!


Circuit: ** sch_path: /foss/designs/thesis/workspace/thesis_hp/cace/_runs/run_2025-06-07_00-59-50/parameters/tran_params/run_121/foldedcascode-nmos-tran.sch

Doing analysis at TEMP = 27.000000 and TNOM = 27.000000

Using SPARSE 1.3 as Direct Linear Solver
Operating point simulation skipped by 'uic',
  now using transient initial conditions.
 Reference value :  1.00269e-08
 Reference value :  1.13250e-06
 Reference value :  2.16250e-06
 Reference value :  3.52250e-06
 Reference value :  4.98750e-06
 Reference value :  6.44250e-06
 Reference value :  7.76250e-06
 Reference value :  9.22750e-06
 Reference value :  1.05875e-05
 Reference value :  1.17725e-05
 Reference value :  1.30525e-05
 Reference value :  1.43325e-05
No. of Data Rows : 3024
tcross              =  1.354607e-06
Note: Simulation executed from .control section 
