
Note: No compatibility mode selected!


Circuit: ** sch_path: /foss/designs/thesis/workspace/thesis_hp/cace/_runs/run_2025-06-07_00-59-50/parameters/tran_params/run_049/foldedcascode-nmos-tran.sch

Doing analysis at TEMP = 130.000000 and TNOM = 27.000000

Using SPARSE 1.3 as Direct Linear Solver
Operating point simulation skipped by 'uic',
  now using transient initial conditions.
 Reference value :  8.48596e-08
 Reference value :  1.31750e-06
 Reference value :  2.62250e-06
 Reference value :  3.97750e-06
 Reference value :  5.10250e-06
 Reference value :  6.42250e-06
 Reference value :  7.79250e-06
 Reference value :  9.25250e-06
 Reference value :  1.07375e-05
 Reference value :  1.22125e-05
 Reference value :  1.37325e-05
No. of Data Rows : 3026
tcross              =  1.348802e-06
Note: Simulation executed from .control section 
