
Note: No compatibility mode selected!


Circuit: ** sch_path: /foss/designs/thesis/workspace/thesis_hp/cace/_runs/run_2025-06-07_00-59-50/parameters/tran_params/run_120/foldedcascode-nmos-tran.sch

Doing analysis at TEMP = 27.000000 and TNOM = 27.000000

Using SPARSE 1.3 as Direct Linear Solver
Operating point simulation skipped by 'uic',
  now using transient initial conditions.
 Reference value :  5.50828e-08
 Reference value :  1.13250e-06
 Reference value :  2.03750e-06
 Reference value :  3.37250e-06
 Reference value :  4.53750e-06
 Reference value :  5.97750e-06
 Reference value :  7.42250e-06
 Reference value :  8.82250e-06
 Reference value :  1.02925e-05
 Reference value :  1.16775e-05
 Reference value :  1.30475e-05
 Reference value :  1.42875e-05
No. of Data Rows : 3024
tcross              =  1.359783e-06
Note: Simulation executed from .control section 
