
Note: No compatibility mode selected!


Circuit: ** sch_path: /foss/designs/thesis/workspace/thesis_hp/cace/_runs/run_2025-06-07_21-18-43/parameters/tran_params/run_119/foldedcascode-nmos-tran.sch

Doing analysis at TEMP = 27.000000 and TNOM = 27.000000

Using SPARSE 1.3 as Direct Linear Solver
Operating point simulation skipped by 'uic',
  now using transient initial conditions.
 Reference value :  7.16770e-09
 Reference value :  6.89600e-07
 Reference value :  1.50750e-06
 Reference value :  2.76250e-06
 Reference value :  3.77750e-06
 Reference value :  5.11250e-06
 Reference value :  6.52750e-06
 Reference value :  7.95250e-06
 Reference value :  9.20750e-06
 Reference value :  1.05125e-05
 Reference value :  1.19175e-05
 Reference value :  1.33175e-05
 Reference value :  1.46725e-05
No. of Data Rows : 3025
tcross              =  1.325401e-06
Note: Simulation executed from .control section 
