
Note: No compatibility mode selected!


Circuit: ** sch_path: /foss/designs/thesis/workspace/thesis_hp/cace/_runs/run_2025-06-07_21-18-43/parameters/tran_params/run_099/foldedcascode-nmos-tran.sch

Doing analysis at TEMP = 130.000000 and TNOM = 27.000000

Using SPARSE 1.3 as Direct Linear Solver
Operating point simulation skipped by 'uic',
  now using transient initial conditions.
 Reference value :  2.43624e-08
 Reference value :  1.14250e-06
 Reference value :  2.17750e-06
 Reference value :  3.44250e-06
 Reference value :  4.73250e-06
 Reference value :  6.18250e-06
 Reference value :  7.68750e-06
 Reference value :  8.99250e-06
 Reference value :  1.03275e-05
 Reference value :  1.16525e-05
 Reference value :  1.30075e-05
 Reference value :  1.42225e-05
No. of Data Rows : 3025
tcross              =  1.323559e-06
Note: Simulation executed from .control section 
