
Note: No compatibility mode selected!


Circuit: ** sch_path: /foss/designs/thesis/workspace/thesis_hp/cace/_runs/run_2025-06-07_00-59-50/parameters/tran_params/run_128/foldedcascode-nmos-tran.sch

Doing analysis at TEMP = 130.000000 and TNOM = 27.000000

Using SPARSE 1.3 as Direct Linear Solver
Operating point simulation skipped by 'uic',
  now using transient initial conditions.
 Reference value :  3.94965e-08
 Reference value :  1.15250e-06
 Reference value :  2.12750e-06
 Reference value :  3.40250e-06
 Reference value :  4.65750e-06
 Reference value :  5.96250e-06
 Reference value :  7.30250e-06
 Reference value :  8.46250e-06
 Reference value :  9.82750e-06
 Reference value :  1.13525e-05
 Reference value :  1.29525e-05
 Reference value :  1.44525e-05
No. of Data Rows : 3025
tcross              =  1.294648e-06
Note: Simulation executed from .control section 
