
Note: No compatibility mode selected!


Circuit: ** sch_path: /foss/designs/thesis/workspace/thesis_hp/cace/_runs/run_2025-06-07_21-18-43/parameters/tran_params/run_053/foldedcascode-nmos-tran.sch

Doing analysis at TEMP = 130.000000 and TNOM = 27.000000

Using SPARSE 1.3 as Direct Linear Solver
Operating point simulation skipped by 'uic',
  now using transient initial conditions.
 Reference value :  5.43635e-08
 Reference value :  1.26750e-06
 Reference value :  2.41750e-06
 Reference value :  3.68750e-06
 Reference value :  4.93250e-06
 Reference value :  6.34750e-06
 Reference value :  7.63750e-06
 Reference value :  8.96250e-06
 Reference value :  1.02525e-05
 Reference value :  1.16625e-05
 Reference value :  1.31175e-05
 Reference value :  1.45625e-05
No. of Data Rows : 3025
tcross              =  1.370828e-06
Note: Simulation executed from .control section 
