
Note: No compatibility mode selected!


Circuit: ** sch_path: /foss/designs/thesis/workspace/thesis_hp/cace/_runs/run_2025-06-07_21-18-43/parameters/tran_params/run_072/foldedcascode-nmos-tran.sch

Doing analysis at TEMP = 130.000000 and TNOM = 27.000000

Using SPARSE 1.3 as Direct Linear Solver
Operating point simulation skipped by 'uic',
  now using transient initial conditions.
 Reference value :  5.00000e-11
 Reference value :  6.24038e-07
 Reference value :  1.60250e-06
 Reference value :  2.65250e-06
 Reference value :  3.76250e-06
 Reference value :  5.05250e-06
 Reference value :  5.89750e-06
 Reference value :  6.80250e-06
 Reference value :  7.87750e-06
 Reference value :  9.03750e-06
 Reference value :  1.00125e-05
 Reference value :  1.10175e-05
 Reference value :  1.18175e-05
 Reference value :  1.24975e-05
 Reference value :  1.32775e-05
 Reference value :  1.45775e-05
No. of Data Rows : 3025
tcross              =  1.325369e-06
Note: Simulation executed from .control section 
