
Note: No compatibility mode selected!


Circuit: ** sch_path: /foss/designs/thesis/workspace/thesis_hp/cace/_runs/run_2025-06-07_00-59-50/parameters/tran_params/run_055/foldedcascode-nmos-tran.sch

Doing analysis at TEMP = -40.000000 and TNOM = 27.000000

Using SPARSE 1.3 as Direct Linear Solver
Operating point simulation skipped by 'uic',
  now using transient initial conditions.
 Reference value :  7.12911e-08
 Reference value :  1.33250e-06
 Reference value :  2.57750e-06
 Reference value :  3.82750e-06
 Reference value :  5.28250e-06
 Reference value :  6.46250e-06
 Reference value :  7.68750e-06
 Reference value :  8.99750e-06
 Reference value :  1.03525e-05
 Reference value :  1.13825e-05
 Reference value :  1.27125e-05
 Reference value :  1.41175e-05
No. of Data Rows : 3025
tcross              =  1.332992e-06
Note: Simulation executed from .control section 
