
Note: No compatibility mode selected!


Circuit: ** sch_path: /foss/designs/thesis/workspace/thesis_hp/cace/_runs/run_2025-06-07_00-59-50/parameters/tran_params/run_089/foldedcascode-nmos-tran.sch

Doing analysis at TEMP = -40.000000 and TNOM = 27.000000

Using SPARSE 1.3 as Direct Linear Solver
Operating point simulation skipped by 'uic',
  now using transient initial conditions.
 Reference value :  1.64792e-07
 Reference value :  1.36250e-06
 Reference value :  2.42050e-06
 Reference value :  3.86550e-06
 Reference value :  5.27550e-06
 Reference value :  6.46050e-06
 Reference value :  7.92050e-06
 Reference value :  9.31050e-06
 Reference value :  1.05555e-05
 Reference value :  1.19005e-05
 Reference value :  1.32255e-05
 Reference value :  1.44705e-05
No. of Data Rows : 3028
tcross              =  1.388248e-06
Note: Simulation executed from .control section 
