
Note: No compatibility mode selected!


Circuit: ** sch_path: /foss/designs/thesis/workspace/thesis_hp/cace/_runs/run_2025-06-07_21-18-43/parameters/tran_params/run_125/foldedcascode-nmos-tran.sch

Doing analysis at TEMP = 27.000000 and TNOM = 27.000000

Using SPARSE 1.3 as Direct Linear Solver
Operating point simulation skipped by 'uic',
  now using transient initial conditions.
 Reference value :  5.00000e-11
 Reference value :  1.11750e-06
 Reference value :  2.14250e-06
 Reference value :  3.18750e-06
 Reference value :  4.08250e-06
 Reference value :  4.99750e-06
 Reference value :  5.98750e-06
 Reference value :  6.97250e-06
 Reference value :  8.13250e-06
 Reference value :  9.41750e-06
 Reference value :  1.07125e-05
 Reference value :  1.19625e-05
 Reference value :  1.29575e-05
 Reference value :  1.38475e-05
No. of Data Rows : 3024
tcross              =  1.375909e-06
Note: Simulation executed from .control section 
