
Note: No compatibility mode selected!


Circuit: ** sch_path: /foss/designs/thesis/workspace/thesis_hp/cace/_runs/run_2025-06-07_00-59-50/parameters/tran_params/run_032/foldedcascode-nmos-tran.sch

Doing analysis at TEMP = -40.000000 and TNOM = 27.000000

Using SPARSE 1.3 as Direct Linear Solver
Operating point simulation skipped by 'uic',
  now using transient initial conditions.
 Reference value :  7.88025e-08
 Reference value :  1.31750e-06
 Reference value :  2.67250e-06
 Reference value :  4.10750e-06
 Reference value :  5.53750e-06
 Reference value :  6.89250e-06
 Reference value :  8.37750e-06
 Reference value :  9.73250e-06
 Reference value :  1.10125e-05
 Reference value :  1.22325e-05
 Reference value :  1.36025e-05
 Reference value :  1.47675e-05
No. of Data Rows : 3026
tcross              =  1.348949e-06
Note: Simulation executed from .control section 
