
Note: No compatibility mode selected!


Circuit: ** sch_path: /foss/designs/thesis/workspace/thesis_hp/cace/_runs/run_2025-06-07_00-59-50/parameters/tran_params/run_063/foldedcascode-nmos-tran.sch

Doing analysis at TEMP = 27.000000 and TNOM = 27.000000

Using SPARSE 1.3 as Direct Linear Solver
Operating point simulation skipped by 'uic',
  now using transient initial conditions.
 Reference value :  1.14296e-07
 Reference value :  1.15750e-06
 Reference value :  2.37750e-06
 Reference value :  3.73250e-06
 Reference value :  5.15250e-06
 Reference value :  6.44250e-06
 Reference value :  7.69750e-06
 Reference value :  8.85250e-06
 Reference value :  1.03275e-05
 Reference value :  1.16875e-05
 Reference value :  1.31275e-05
 Reference value :  1.43975e-05
No. of Data Rows : 3025
tcross              =  1.341004e-06
Note: Simulation executed from .control section 
