
Note: No compatibility mode selected!


Circuit: ** sch_path: /foss/designs/thesis/workspace/thesis_hp/cace/_runs/run_2025-06-07_00-59-50/parameters/tran_params/run_107/foldedcascode-nmos-tran.sch

Doing analysis at TEMP = 130.000000 and TNOM = 27.000000

Using SPARSE 1.3 as Direct Linear Solver
Operating point simulation skipped by 'uic',
  now using transient initial conditions.
 Reference value :  5.13909e-11
 Reference value :  9.34603e-07
 Reference value :  1.98750e-06
 Reference value :  3.17750e-06
 Reference value :  4.26750e-06
 Reference value :  5.44250e-06
 Reference value :  6.60750e-06
 Reference value :  7.81250e-06
 Reference value :  9.07250e-06
 Reference value :  1.01825e-05
 Reference value :  1.14375e-05
 Reference value :  1.28825e-05
 Reference value :  1.43375e-05
No. of Data Rows : 3025
tcross              =  1.369399e-06
Note: Simulation executed from .control section 
