
Note: No compatibility mode selected!


Circuit: ** sch_path: /foss/designs/thesis/workspace/thesis_hp/cace/_runs/run_2025-06-07_00-59-50/parameters/tran_params/run_073/foldedcascode-nmos-tran.sch

Doing analysis at TEMP = 130.000000 and TNOM = 27.000000

Using SPARSE 1.3 as Direct Linear Solver
Operating point simulation skipped by 'uic',
  now using transient initial conditions.
 Reference value :  9.40674e-10
 Reference value :  1.10350e-06
 Reference value :  2.37250e-06
 Reference value :  3.87750e-06
 Reference value :  5.06750e-06
 Reference value :  6.21750e-06
 Reference value :  7.45250e-06
 Reference value :  8.52750e-06
 Reference value :  9.67250e-06
 Reference value :  1.11175e-05
 Reference value :  1.25025e-05
 Reference value :  1.38225e-05
No. of Data Rows : 3025
tcross              =  1.321742e-06
Note: Simulation executed from .control section 
