
Note: No compatibility mode selected!


Circuit: ** sch_path: /foss/designs/thesis/workspace/thesis_hp/cace/_runs/run_2025-06-07_21-18-43/parameters/tran_params/run_079/foldedcascode-nmos-tran.sch

Doing analysis at TEMP = 130.000000 and TNOM = 27.000000

Using SPARSE 1.3 as Direct Linear Solver
Operating point simulation skipped by 'uic',
  now using transient initial conditions.
 Reference value :  1.20183e-07
 Reference value :  1.22750e-06
 Reference value :  2.46250e-06
 Reference value :  3.72750e-06
 Reference value :  5.10250e-06
 Reference value :  6.26250e-06
 Reference value :  7.56250e-06
 Reference value :  8.82750e-06
 Reference value :  1.00725e-05
 Reference value :  1.13075e-05
 Reference value :  1.25175e-05
 Reference value :  1.39325e-05
No. of Data Rows : 3024
tcross              =  1.375541e-06
Note: Simulation executed from .control section 
