
Note: No compatibility mode selected!


Circuit: ** sch_path: /foss/designs/thesis/workspace/thesis_hp/cace/_runs/run_2025-06-07_21-18-43/parameters/tran_params/run_042/foldedcascode-nmos-tran.sch

Doing analysis at TEMP = 27.000000 and TNOM = 27.000000

Using SPARSE 1.3 as Direct Linear Solver
Operating point simulation skipped by 'uic',
  now using transient initial conditions.
 Reference value :  4.49064e-08
 Reference value :  9.69906e-07
 Reference value :  2.02750e-06
 Reference value :  3.32750e-06
 Reference value :  4.51750e-06
 Reference value :  5.84250e-06
 Reference value :  7.22250e-06
 Reference value :  8.62750e-06
 Reference value :  1.00825e-05
 Reference value :  1.13975e-05
 Reference value :  1.26825e-05
 Reference value :  1.39375e-05
No. of Data Rows : 3026
tcross              =  1.391797e-06
Note: Simulation executed from .control section 
