
Note: No compatibility mode selected!


Circuit: ** sch_path: /foss/designs/thesis/workspace/thesis_hp/cace/_runs/run_2025-06-07_00-59-50/parameters/tran_params/run_114/foldedcascode-nmos-tran.sch

Doing analysis at TEMP = -40.000000 and TNOM = 27.000000

Using SPARSE 1.3 as Direct Linear Solver
Operating point simulation skipped by 'uic',
  now using transient initial conditions.
 Reference value :  5.38626e-09
 Reference value :  1.15750e-06
 Reference value :  2.33077e-06
 Reference value :  3.58077e-06
 Reference value :  4.87577e-06
 Reference value :  6.29077e-06
 Reference value :  7.60577e-06
 Reference value :  9.05077e-06
 Reference value :  1.03708e-05
 Reference value :  1.16858e-05
 Reference value :  1.29358e-05
 Reference value :  1.41608e-05
No. of Data Rows : 3025
tcross              =  1.384651e-06
Note: Simulation executed from .control section 
