
Note: No compatibility mode selected!


Circuit: ** sch_path: /foss/designs/thesis/workspace/thesis_hp/cace/_runs/run_2025-06-07_21-18-43/parameters/tran_params/run_004/foldedcascode-nmos-tran.sch

Doing analysis at TEMP = -40.000000 and TNOM = 27.000000

Using SPARSE 1.3 as Direct Linear Solver
Operating point simulation skipped by 'uic',
  now using transient initial conditions.
 Reference value :  5.28722e-09
 Reference value :  9.88904e-07
 Reference value :  1.82750e-06
 Reference value :  2.79250e-06
 Reference value :  3.55250e-06
 Reference value :  4.05250e-06
 Reference value :  4.85750e-06
 Reference value :  5.70750e-06
 Reference value :  6.50250e-06
 Reference value :  7.37250e-06
 Reference value :  8.72250e-06
 Reference value :  9.96750e-06
 Reference value :  1.11825e-05
 Reference value :  1.23375e-05
 Reference value :  1.36325e-05
 Reference value :  1.47525e-05
No. of Data Rows : 3026
tcross              =  1.369616e-06
Note: Simulation executed from .control section 
