
Note: No compatibility mode selected!


Circuit: ** sch_path: /foss/designs/thesis/workspace/thesis_hp/cace/_runs/run_2025-06-07_21-18-43/parameters/tran_params/run_009/foldedcascode-nmos-tran.sch

Doing analysis at TEMP = 27.000000 and TNOM = 27.000000

Using SPARSE 1.3 as Direct Linear Solver
Operating point simulation skipped by 'uic',
  now using transient initial conditions.
 Reference value :  1.45593e-07
 Reference value :  1.12750e-06
 Reference value :  1.86250e-06
 Reference value :  3.13250e-06
 Reference value :  3.94750e-06
 Reference value :  4.68250e-06
 Reference value :  5.23750e-06
 Reference value :  6.00250e-06
 Reference value :  6.73250e-06
 Reference value :  7.46750e-06
 Reference value :  8.28750e-06
 Reference value :  9.41250e-06
 Reference value :  1.07575e-05
 Reference value :  1.19775e-05
 Reference value :  1.32325e-05
 Reference value :  1.44575e-05
No. of Data Rows : 3024
tcross              =  1.348907e-06
Note: Simulation executed from .control section 
