
Note: No compatibility mode selected!


Circuit: ** sch_path: /foss/designs/thesis/workspace/thesis_hp/cace/_runs/run_2025-06-07_21-18-43/parameters/tran_params/run_026/foldedcascode-nmos-tran.sch

Doing analysis at TEMP = 130.000000 and TNOM = 27.000000

Using SPARSE 1.3 as Direct Linear Solver
Operating point simulation skipped by 'uic',
  now using transient initial conditions.
 Reference value :  1.24145e-07
 Reference value :  1.24750e-06
 Reference value :  2.47750e-06
 Reference value :  3.70250e-06
 Reference value :  5.14750e-06
 Reference value :  6.57250e-06
 Reference value :  8.02750e-06
 Reference value :  9.48750e-06
 Reference value :  1.09025e-05
 Reference value :  1.23575e-05
 Reference value :  1.37275e-05
 Reference value :  1.49275e-05
No. of Data Rows : 3025
tcross              =  1.388087e-06
Note: Simulation executed from .control section 
