
Note: No compatibility mode selected!


Circuit: ** sch_path: /foss/designs/thesis/workspace/thesis_hp/cace/_runs/run_2025-06-07_21-18-43/parameters/tran_params/run_097/foldedcascode-nmos-tran.sch

Doing analysis at TEMP = 27.000000 and TNOM = 27.000000

Using SPARSE 1.3 as Direct Linear Solver
Operating point simulation skipped by 'uic',
  now using transient initial conditions.
 Reference value :  9.50276e-08
 Reference value :  1.20350e-06
 Reference value :  2.42250e-06
 Reference value :  3.62750e-06
 Reference value :  4.83250e-06
 Reference value :  6.10750e-06
 Reference value :  7.43750e-06
 Reference value :  8.90250e-06
 Reference value :  1.03775e-05
 Reference value :  1.16975e-05
 Reference value :  1.28775e-05
 Reference value :  1.41575e-05
No. of Data Rows : 3024
tcross              =  1.399878e-06
Note: Simulation executed from .control section 
