
Note: No compatibility mode selected!


Circuit: ** sch_path: /foss/designs/thesis/workspace/thesis_hp/cace/_runs/run_2025-06-07_21-18-43/parameters/tran_params/run_107/foldedcascode-nmos-tran.sch

Doing analysis at TEMP = 130.000000 and TNOM = 27.000000

Using SPARSE 1.3 as Direct Linear Solver
Operating point simulation skipped by 'uic',
  now using transient initial conditions.
 Reference value :  1.19603e-07
 Reference value :  1.28750e-06
 Reference value :  2.52750e-06
 Reference value :  3.68250e-06
 Reference value :  4.93250e-06
 Reference value :  6.24250e-06
 Reference value :  7.63750e-06
 Reference value :  9.02250e-06
 Reference value :  1.04825e-05
 Reference value :  1.17875e-05
 Reference value :  1.29475e-05
 Reference value :  1.38275e-05
 Reference value :  1.48025e-05
No. of Data Rows : 3025
tcross              =  1.369399e-06
Note: Simulation executed from .control section 
