
Note: No compatibility mode selected!


Circuit: ** sch_path: /foss/designs/thesis/workspace/thesis_hp/cace/_runs/run_2025-06-07_21-18-43/parameters/tran_params/run_002/foldedcascode-nmos-tran.sch

Doing analysis at TEMP = -40.000000 and TNOM = 27.000000

Using SPARSE 1.3 as Direct Linear Solver
Operating point simulation skipped by 'uic',
  now using transient initial conditions.
 Reference value :  6.20334e-08
 Reference value :  1.30750e-06
 Reference value :  2.47250e-06
 Reference value :  3.81250e-06
 Reference value :  5.14750e-06
 Reference value :  6.49750e-06
 Reference value :  7.76750e-06
 Reference value :  8.90750e-06
 Reference value :  1.00625e-05
 Reference value :  1.13325e-05
 Reference value :  1.25075e-05
 Reference value :  1.38025e-05
No. of Data Rows : 3025
tcross              =  1.336184e-06
Note: Simulation executed from .control section 
