
Note: No compatibility mode selected!


Circuit: ** sch_path: /foss/designs/thesis/workspace/thesis_hp/cace/_runs/run_2025-06-07_21-18-43/parameters/tran_params/run_110/foldedcascode-nmos-tran.sch

Doing analysis at TEMP = -40.000000 and TNOM = 27.000000

Using SPARSE 1.3 as Direct Linear Solver
Operating point simulation skipped by 'uic',
  now using transient initial conditions.
 Reference value :  5.00000e-11
 Reference value :  1.03405e-06
 Reference value :  1.99250e-06
 Reference value :  3.24250e-06
 Reference value :  4.25750e-06
 Reference value :  5.07250e-06
 Reference value :  5.74750e-06
 Reference value :  6.40250e-06
 Reference value :  7.23250e-06
 Reference value :  8.60750e-06
 Reference value :  1.00025e-05
 Reference value :  1.13825e-05
 Reference value :  1.26075e-05
 Reference value :  1.39075e-05
No. of Data Rows : 3025
tcross              =  1.321523e-06
Note: Simulation executed from .control section 
