
Note: No compatibility mode selected!


Circuit: ** sch_path: /foss/designs/thesis/workspace/thesis_hp/cace/_runs/run_2025-06-07_00-59-50/parameters/tran_params/run_042/foldedcascode-nmos-tran.sch

Doing analysis at TEMP = 27.000000 and TNOM = 27.000000

Using SPARSE 1.3 as Direct Linear Solver
Operating point simulation skipped by 'uic',
  now using transient initial conditions.
 Reference value :  7.49064e-08
 Reference value :  1.22750e-06
 Reference value :  2.34250e-06
 Reference value :  3.17750e-06
 Reference value :  4.04750e-06
 Reference value :  5.01250e-06
 Reference value :  5.87750e-06
 Reference value :  6.86250e-06
 Reference value :  7.98250e-06
 Reference value :  9.03250e-06
 Reference value :  1.03675e-05
 Reference value :  1.15475e-05
 Reference value :  1.27625e-05
 Reference value :  1.37275e-05
 Reference value :  1.47875e-05
No. of Data Rows : 3026
tcross              =  1.391797e-06
Note: Simulation executed from .control section 
