
Note: No compatibility mode selected!


Circuit: ** sch_path: /foss/designs/thesis/workspace/thesis_hp/cace/_runs/run_2025-06-07_21-18-43/parameters/tran_params/run_066/foldedcascode-nmos-tran.sch

Doing analysis at TEMP = 27.000000 and TNOM = 27.000000

Using SPARSE 1.3 as Direct Linear Solver
Operating point simulation skipped by 'uic',
  now using transient initial conditions.
 Reference value :  5.00000e-11
 Reference value :  8.79825e-07
 Reference value :  1.86750e-06
 Reference value :  2.81750e-06
 Reference value :  3.43750e-06
 Reference value :  4.14250e-06
 Reference value :  4.89250e-06
 Reference value :  5.80250e-06
 Reference value :  6.56750e-06
 Reference value :  7.17250e-06
 Reference value :  8.04750e-06
 Reference value :  9.17750e-06
 Reference value :  1.03675e-05
 Reference value :  1.14275e-05
 Reference value :  1.28125e-05
 Reference value :  1.37725e-05
 Reference value :  1.47125e-05
No. of Data Rows : 3025
tcross              =  1.369199e-06
Note: Simulation executed from .control section 
