
Note: No compatibility mode selected!


Circuit: ** sch_path: /foss/designs/thesis/workspace/thesis_hp/cace/_runs/run_2025-06-07_00-59-50/parameters/tran_params/run_059/foldedcascode-nmos-tran.sch

Doing analysis at TEMP = -40.000000 and TNOM = 27.000000

Using SPARSE 1.3 as Direct Linear Solver
Operating point simulation skipped by 'uic',
  now using transient initial conditions.
 Reference value :  1.49169e-08
 Reference value :  1.17432e-06
 Reference value :  2.22250e-06
 Reference value :  3.48750e-06
 Reference value :  4.79250e-06
 Reference value :  5.90750e-06
 Reference value :  7.05250e-06
 Reference value :  8.37250e-06
 Reference value :  9.88250e-06
 Reference value :  1.13125e-05
 Reference value :  1.24175e-05
 Reference value :  1.35275e-05
 Reference value :  1.48825e-05
No. of Data Rows : 3027
tcross              =  1.353754e-06
Note: Simulation executed from .control section 
