
Note: No compatibility mode selected!


Circuit: ** sch_path: /foss/designs/thesis/workspace/thesis_hp/cace/_runs/run_2025-06-07_00-59-50/parameters/tran_params/run_080/foldedcascode-nmos-tran.sch

Doing analysis at TEMP = 130.000000 and TNOM = 27.000000

Using SPARSE 1.3 as Direct Linear Solver
Operating point simulation skipped by 'uic',
  now using transient initial conditions.
 Reference value :  1.59555e-07
 Reference value :  1.41250e-06
 Reference value :  2.62750e-06
 Reference value :  4.12750e-06
 Reference value :  5.49250e-06
 Reference value :  6.91250e-06
 Reference value :  8.27750e-06
 Reference value :  9.71250e-06
 Reference value :  1.08375e-05
 Reference value :  1.21375e-05
 Reference value :  1.34075e-05
 Reference value :  1.48375e-05
No. of Data Rows : 3025
tcross              =  1.370358e-06
Note: Simulation executed from .control section 
