
Note: No compatibility mode selected!


Circuit: ** sch_path: /foss/designs/thesis/workspace/thesis_hp/cace/_runs/run_2025-06-07_00-59-50/parameters/tran_params/run_020/foldedcascode-nmos-tran.sch

Doing analysis at TEMP = 130.000000 and TNOM = 27.000000

Using SPARSE 1.3 as Direct Linear Solver
Operating point simulation skipped by 'uic',
  now using transient initial conditions.
 Reference value :  9.80134e-08
 Reference value :  1.28750e-06
 Reference value :  2.63750e-06
 Reference value :  4.08750e-06
 Reference value :  5.43750e-06
 Reference value :  6.79750e-06
 Reference value :  8.11250e-06
 Reference value :  9.51750e-06
 Reference value :  1.10325e-05
 Reference value :  1.25325e-05
 Reference value :  1.39225e-05
No. of Data Rows : 3025
tcross              =  1.333665e-06
Note: Simulation executed from .control section 
