
Note: No compatibility mode selected!


Circuit: ** sch_path: /foss/designs/thesis/workspace/thesis_hp/cace/_runs/run_2025-06-07_21-18-43/parameters/tran_params/run_013/foldedcascode-nmos-tran.sch

Doing analysis at TEMP = 27.000000 and TNOM = 27.000000

Using SPARSE 1.3 as Direct Linear Solver
Operating point simulation skipped by 'uic',
  now using transient initial conditions.
 Reference value :  1.74971e-07
 Reference value :  1.27750e-06
 Reference value :  2.54250e-06
 Reference value :  3.73250e-06
 Reference value :  5.09750e-06
 Reference value :  6.42250e-06
 Reference value :  7.72750e-06
 Reference value :  8.99250e-06
 Reference value :  1.03525e-05
 Reference value :  1.15525e-05
 Reference value :  1.28575e-05
 Reference value :  1.42425e-05
No. of Data Rows : 3028
tcross              =  1.372567e-06
Note: Simulation executed from .control section 
