
Note: No compatibility mode selected!


Circuit: ** sch_path: /foss/designs/thesis/workspace/thesis_hp/cace/_runs/run_2025-06-07_21-18-43/parameters/tran_params/run_114/foldedcascode-nmos-tran.sch

Doing analysis at TEMP = -40.000000 and TNOM = 27.000000

Using SPARSE 1.3 as Direct Linear Solver
Operating point simulation skipped by 'uic',
  now using transient initial conditions.
 Reference value :  1.45794e-07
 Reference value :  1.38577e-06
 Reference value :  2.76577e-06
 Reference value :  4.12077e-06
 Reference value :  5.38577e-06
 Reference value :  6.64577e-06
 Reference value :  7.68077e-06
 Reference value :  8.72077e-06
 Reference value :  9.84577e-06
 Reference value :  1.07958e-05
 Reference value :  1.19308e-05
 Reference value :  1.31558e-05
 Reference value :  1.44108e-05
No. of Data Rows : 3025
tcross              =  1.384651e-06
Note: Simulation executed from .control section 
