
Note: No compatibility mode selected!


Circuit: ** sch_path: /foss/designs/thesis/workspace/thesis_hp/cace/_runs/run_2025-06-07_00-59-50/parameters/tran_params/run_062/foldedcascode-nmos-tran.sch

Doing analysis at TEMP = -40.000000 and TNOM = 27.000000

Using SPARSE 1.3 as Direct Linear Solver
Operating point simulation skipped by 'uic',
  now using transient initial conditions.
 Reference value :  7.98144e-08
 Reference value :  1.03981e-06
 Reference value :  2.01250e-06
 Reference value :  3.46250e-06
 Reference value :  4.71750e-06
 Reference value :  5.84750e-06
 Reference value :  7.11250e-06
 Reference value :  8.61250e-06
 Reference value :  9.82750e-06
 Reference value :  1.11025e-05
 Reference value :  1.22625e-05
 Reference value :  1.33525e-05
 Reference value :  1.46275e-05
No. of Data Rows : 3026
tcross              =  1.380741e-06
Note: Simulation executed from .control section 
