
Note: No compatibility mode selected!


Circuit: ** sch_path: /foss/designs/thesis/workspace/thesis_hp/cace/_runs/run_2025-06-07_21-18-43/parameters/tran_params/run_088/foldedcascode-nmos-tran.sch

Doing analysis at TEMP = -40.000000 and TNOM = 27.000000

Using SPARSE 1.3 as Direct Linear Solver
Operating point simulation skipped by 'uic',
  now using transient initial conditions.
 Reference value :  1.95142e-07
 Reference value :  1.33750e-06
 Reference value :  2.65250e-06
 Reference value :  3.85750e-06
 Reference value :  4.97750e-06
 Reference value :  6.32750e-06
 Reference value :  7.64750e-06
 Reference value :  8.93750e-06
 Reference value :  1.02475e-05
 Reference value :  1.16175e-05
 Reference value :  1.29575e-05
 Reference value :  1.43025e-05
No. of Data Rows : 3025
tcross              =  1.396726e-06
Note: Simulation executed from .control section 
