
Note: No compatibility mode selected!


Circuit: ** sch_path: /foss/designs/thesis/workspace/thesis_hp/cace/_runs/run_2025-06-07_00-59-50/parameters/tran_params/run_036/foldedcascode-nmos-tran.sch

Doing analysis at TEMP = 27.000000 and TNOM = 27.000000

Using SPARSE 1.3 as Direct Linear Solver
Operating point simulation skipped by 'uic',
  now using transient initial conditions.
 Reference value :  5.45923e-08
 Reference value :  1.15750e-06
 Reference value :  2.24750e-06
 Reference value :  3.59750e-06
 Reference value :  4.81250e-06
 Reference value :  6.11750e-06
 Reference value :  7.48250e-06
 Reference value :  8.83750e-06
 Reference value :  1.02825e-05
 Reference value :  1.16325e-05
 Reference value :  1.30075e-05
 Reference value :  1.43725e-05
No. of Data Rows : 3025
tcross              =  1.336487e-06
Note: Simulation executed from .control section 
