
Note: No compatibility mode selected!


Circuit: ** sch_path: /foss/designs/thesis/workspace/thesis_hp/cace/_runs/run_2025-06-07_21-18-43/parameters/tran_params/run_108/foldedcascode-nmos-tran.sch

Doing analysis at TEMP = -40.000000 and TNOM = 27.000000

Using SPARSE 1.3 as Direct Linear Solver
Operating point simulation skipped by 'uic',
  now using transient initial conditions.
 Reference value :  1.19425e-07
 Reference value :  1.24822e-06
 Reference value :  2.35822e-06
 Reference value :  3.62822e-06
 Reference value :  4.98322e-06
 Reference value :  5.89322e-06
 Reference value :  6.74822e-06
 Reference value :  7.44322e-06
 Reference value :  8.23822e-06
 Reference value :  9.10822e-06
 Reference value :  1.04482e-05
 Reference value :  1.17032e-05
 Reference value :  1.28582e-05
 Reference value :  1.40332e-05
 Reference value :  1.47982e-05
No. of Data Rows : 3027
tcross              =  1.330099e-06
Note: Simulation executed from .control section 
