
Note: No compatibility mode selected!


Circuit: ** sch_path: /foss/designs/thesis/workspace/thesis_hp/cace/_runs/run_2025-06-07_21-18-43/parameters/tran_params/run_093/foldedcascode-nmos-tran.sch

Doing analysis at TEMP = 27.000000 and TNOM = 27.000000

Using SPARSE 1.3 as Direct Linear Solver
Operating point simulation skipped by 'uic',
  now using transient initial conditions.
 Reference value :  1.60450e-09
 Reference value :  1.17250e-06
 Reference value :  2.30750e-06
 Reference value :  3.60750e-06
 Reference value :  4.89750e-06
 Reference value :  6.19750e-06
 Reference value :  7.51250e-06
 Reference value :  8.68250e-06
 Reference value :  9.85250e-06
 Reference value :  1.10525e-05
 Reference value :  1.22975e-05
 Reference value :  1.38125e-05
No. of Data Rows : 3024
tcross              =  1.376337e-06
Note: Simulation executed from .control section 
