
Note: No compatibility mode selected!


Circuit: ** sch_path: /foss/designs/thesis/workspace/thesis_hp/cace/_runs/run_2025-06-07_21-18-43/parameters/tran_params/run_086/foldedcascode-nmos-tran.sch

Doing analysis at TEMP = -40.000000 and TNOM = 27.000000

Using SPARSE 1.3 as Direct Linear Solver
Operating point simulation skipped by 'uic',
  now using transient initial conditions.
 Reference value :  1.04424e-07
 Reference value :  1.23250e-06
 Reference value :  2.51250e-06
 Reference value :  3.91750e-06
 Reference value :  5.06250e-06
 Reference value :  6.17250e-06
 Reference value :  7.27750e-06
 Reference value :  8.38250e-06
 Reference value :  9.31250e-06
 Reference value :  1.02925e-05
 Reference value :  1.09275e-05
 Reference value :  1.16025e-05
 Reference value :  1.27725e-05
 Reference value :  1.40325e-05
No. of Data Rows : 3026
tcross              =  1.359651e-06
Note: Simulation executed from .control section 
