
Note: No compatibility mode selected!


Circuit: ** sch_path: /foss/designs/thesis/workspace/thesis_hp/cace/_runs/run_2025-06-07_00-59-50/parameters/tran_params/run_065/foldedcascode-nmos-tran.sch

Doing analysis at TEMP = 27.000000 and TNOM = 27.000000

Using SPARSE 1.3 as Direct Linear Solver
Operating point simulation skipped by 'uic',
  now using transient initial conditions.
 Reference value :  1.38735e-07
 Reference value :  1.16750e-06
 Reference value :  2.44250e-06
 Reference value :  3.85250e-06
 Reference value :  5.27250e-06
 Reference value :  6.50750e-06
 Reference value :  7.79250e-06
 Reference value :  8.99750e-06
 Reference value :  1.04225e-05
 Reference value :  1.17075e-05
 Reference value :  1.30175e-05
 Reference value :  1.43775e-05
No. of Data Rows : 3025
tcross              =  1.332507e-06
Note: Simulation executed from .control section 
