
Note: No compatibility mode selected!


Circuit: ** sch_path: /foss/designs/thesis/workspace/thesis_hp/cace/_runs/run_2025-06-07_21-18-43/parameters/tran_params/run_113/foldedcascode-nmos-tran.sch

Doing analysis at TEMP = -40.000000 and TNOM = 27.000000

Using SPARSE 1.3 as Direct Linear Solver
Operating point simulation skipped by 'uic',
  now using transient initial conditions.
 Reference value :  4.46930e-08
 Reference value :  1.26250e-06
 Reference value :  2.60250e-06
 Reference value :  4.06750e-06
 Reference value :  5.31250e-06
 Reference value :  6.52750e-06
 Reference value :  7.87750e-06
 Reference value :  9.17750e-06
 Reference value :  1.04875e-05
 Reference value :  1.18175e-05
 Reference value :  1.29825e-05
 Reference value :  1.42725e-05
No. of Data Rows : 3025
tcross              =  1.345458e-06
Note: Simulation executed from .control section 
