
Note: No compatibility mode selected!


Circuit: ** sch_path: /foss/designs/thesis/workspace/thesis_hp/cace/_runs/run_2025-06-07_21-18-43/parameters/tran_params/run_000/foldedcascode-nmos-tran.sch

Doing analysis at TEMP = -40.000000 and TNOM = 27.000000

Using SPARSE 1.3 as Direct Linear Solver
Operating point simulation skipped by 'uic',
  now using transient initial conditions.
 Reference value :  9.22401e-08
 Reference value :  1.19607e-06
 Reference value :  2.37250e-06
 Reference value :  3.73750e-06
 Reference value :  5.13750e-06
 Reference value :  6.57250e-06
 Reference value :  7.96250e-06
 Reference value :  9.25750e-06
 Reference value :  1.05075e-05
 Reference value :  1.17375e-05
 Reference value :  1.29075e-05
 Reference value :  1.41925e-05
No. of Data Rows : 3025
tcross              =  1.346667e-06
Note: Simulation executed from .control section 
