
Note: No compatibility mode selected!


Circuit: ** sch_path: /foss/designs/thesis/workspace/thesis_hp/cace/_runs/run_2025-06-07_21-18-43/parameters/tran_params/run_104/foldedcascode-nmos-tran.sch

Doing analysis at TEMP = 130.000000 and TNOM = 27.000000

Using SPARSE 1.3 as Direct Linear Solver
Operating point simulation skipped by 'uic',
  now using transient initial conditions.
 Reference value :  5.00000e-09
 Reference value :  9.13967e-07
 Reference value :  1.85750e-06
 Reference value :  3.04250e-06
 Reference value :  4.09250e-06
 Reference value :  5.19250e-06
 Reference value :  6.17750e-06
 Reference value :  7.29250e-06
 Reference value :  8.59750e-06
 Reference value :  9.69250e-06
 Reference value :  1.04375e-05
 Reference value :  1.11575e-05
 Reference value :  1.18075e-05
 Reference value :  1.30375e-05
 Reference value :  1.40075e-05
No. of Data Rows : 3025
tcross              =  1.341627e-06
Note: Simulation executed from .control section 
