
Note: No compatibility mode selected!


Circuit: ** sch_path: /foss/designs/thesis/workspace/thesis_hp/cace/_runs/run_2025-06-07_00-59-50/parameters/tran_params/run_018/foldedcascode-nmos-tran.sch

Doing analysis at TEMP = 130.000000 and TNOM = 27.000000

Using SPARSE 1.3 as Direct Linear Solver
Operating point simulation skipped by 'uic',
  now using transient initial conditions.
 Reference value :  1.39086e-07
 Reference value :  1.35750e-06
 Reference value :  2.57750e-06
 Reference value :  3.99750e-06
 Reference value :  5.38250e-06
 Reference value :  6.79250e-06
 Reference value :  8.10750e-06
 Reference value :  9.39750e-06
 Reference value :  1.07675e-05
 Reference value :  1.22575e-05
 Reference value :  1.37375e-05
No. of Data Rows : 3025
tcross              =  1.340970e-06
Note: Simulation executed from .control section 
