
Note: No compatibility mode selected!


Circuit: ** sch_path: /foss/designs/thesis/workspace/thesis_hp/cace/_runs/run_2025-06-07_00-59-50/parameters/tran_params/run_088/foldedcascode-nmos-tran.sch

Doing analysis at TEMP = -40.000000 and TNOM = 27.000000

Using SPARSE 1.3 as Direct Linear Solver
Operating point simulation skipped by 'uic',
  now using transient initial conditions.
 Reference value :  2.55142e-07
 Reference value :  1.36750e-06
 Reference value :  2.56250e-06
 Reference value :  3.91250e-06
 Reference value :  5.06750e-06
 Reference value :  6.56250e-06
 Reference value :  8.05250e-06
 Reference value :  9.57250e-06
 Reference value :  1.10525e-05
 Reference value :  1.25025e-05
 Reference value :  1.38375e-05
No. of Data Rows : 3025
tcross              =  1.396726e-06
Note: Simulation executed from .control section 
