
Note: No compatibility mode selected!


Circuit: ** sch_path: /foss/designs/thesis/workspace/thesis_hp/cace/_runs/run_2025-06-07_00-59-50/parameters/tran_params/run_066/foldedcascode-nmos-tran.sch

Doing analysis at TEMP = 27.000000 and TNOM = 27.000000

Using SPARSE 1.3 as Direct Linear Solver
Operating point simulation skipped by 'uic',
  now using transient initial conditions.
 Reference value :  1.04825e-07
 Reference value :  1.19025e-06
 Reference value :  2.20250e-06
 Reference value :  3.71750e-06
 Reference value :  5.10750e-06
 Reference value :  6.45250e-06
 Reference value :  7.43250e-06
 Reference value :  8.67250e-06
 Reference value :  1.00125e-05
 Reference value :  1.13325e-05
 Reference value :  1.25825e-05
 Reference value :  1.40125e-05
No. of Data Rows : 3025
tcross              =  1.369199e-06
Note: Simulation executed from .control section 
