
Note: No compatibility mode selected!


Circuit: ** sch_path: /foss/designs/thesis/workspace/thesis_hp/cace/_runs/run_2025-06-07_00-59-50/parameters/tran_params/run_000/foldedcascode-nmos-tran.sch

Doing analysis at TEMP = -40.000000 and TNOM = 27.000000

Using SPARSE 1.3 as Direct Linear Solver
Operating point simulation skipped by 'uic',
  now using transient initial conditions.
 Reference value :  1.07240e-07
 Reference value :  1.26250e-06
 Reference value :  2.50250e-06
 Reference value :  3.71250e-06
 Reference value :  5.00750e-06
 Reference value :  6.47250e-06
 Reference value :  7.55750e-06
 Reference value :  8.53250e-06
 Reference value :  9.87250e-06
 Reference value :  1.12025e-05
 Reference value :  1.20875e-05
 Reference value :  1.33475e-05
 Reference value :  1.47175e-05
No. of Data Rows : 3025
tcross              =  1.346667e-06
Note: Simulation executed from .control section 
