
Note: No compatibility mode selected!


Circuit: ** sch_path: /foss/designs/thesis/workspace/thesis_hp/cace/_runs/run_2025-06-07_21-18-43/parameters/tran_params/run_043/foldedcascode-nmos-tran.sch

Doing analysis at TEMP = 27.000000 and TNOM = 27.000000

Using SPARSE 1.3 as Direct Linear Solver
Operating point simulation skipped by 'uic',
  now using transient initial conditions.
 Reference value :  9.48650e-08
 Reference value :  1.18837e-06
 Reference value :  2.27750e-06
 Reference value :  3.40750e-06
 Reference value :  4.66250e-06
 Reference value :  5.95750e-06
 Reference value :  7.34750e-06
 Reference value :  8.77750e-06
 Reference value :  9.54750e-06
 Reference value :  1.01525e-05
 Reference value :  1.11175e-05
 Reference value :  1.24375e-05
 Reference value :  1.37475e-05
No. of Data Rows : 3026
tcross              =  1.385472e-06
Note: Simulation executed from .control section 
