
Note: No compatibility mode selected!


Circuit: ** sch_path: /foss/designs/thesis/workspace/thesis_hp/cace/_runs/run_2025-06-07_00-59-50/parameters/tran_params/run_039/foldedcascode-nmos-tran.sch

Doing analysis at TEMP = 27.000000 and TNOM = 27.000000

Using SPARSE 1.3 as Direct Linear Solver
Operating point simulation skipped by 'uic',
  now using transient initial conditions.
 Reference value :  1.69536e-07
 Reference value :  1.27250e-06
 Reference value :  2.11524e-06
 Reference value :  3.43524e-06
 Reference value :  4.79524e-06
 Reference value :  6.23524e-06
 Reference value :  7.66524e-06
 Reference value :  9.02524e-06
 Reference value :  1.03402e-05
 Reference value :  1.16602e-05
 Reference value :  1.30202e-05
 Reference value :  1.41902e-05
No. of Data Rows : 3027
tcross              =  1.363217e-06
Note: Simulation executed from .control section 
