
Note: No compatibility mode selected!


Circuit: ** sch_path: /foss/designs/thesis/workspace/thesis_hp/cace/_runs/run_2025-06-07_21-18-43/parameters/tran_params/run_080/foldedcascode-nmos-tran.sch

Doing analysis at TEMP = 130.000000 and TNOM = 27.000000

Using SPARSE 1.3 as Direct Linear Solver
Operating point simulation skipped by 'uic',
  now using transient initial conditions.
 Reference value :  5.00000e-11
 Reference value :  1.06456e-06
 Reference value :  2.23750e-06
 Reference value :  2.93250e-06
 Reference value :  3.64750e-06
 Reference value :  4.45250e-06
 Reference value :  5.49750e-06
 Reference value :  6.75250e-06
 Reference value :  8.02250e-06
 Reference value :  9.31750e-06
 Reference value :  1.01675e-05
 Reference value :  1.10875e-05
 Reference value :  1.21875e-05
 Reference value :  1.30975e-05
 Reference value :  1.40175e-05
No. of Data Rows : 3025
tcross              =  1.370358e-06
Note: Simulation executed from .control section 
