
Note: No compatibility mode selected!


Circuit: ** sch_path: /foss/designs/thesis/workspace/thesis_hp/cace/_runs/run_2025-06-07_00-59-50/parameters/tran_params/run_046/foldedcascode-nmos-tran.sch

Doing analysis at TEMP = 130.000000 and TNOM = 27.000000

Using SPARSE 1.3 as Direct Linear Solver
Operating point simulation skipped by 'uic',
  now using transient initial conditions.
 Reference value :  6.99271e-08
 Reference value :  1.25750e-06
 Reference value :  2.42750e-06
 Reference value :  3.44250e-06
 Reference value :  4.37250e-06
 Reference value :  5.39250e-06
 Reference value :  6.57750e-06
 Reference value :  7.98250e-06
 Reference value :  9.46750e-06
 Reference value :  1.06225e-05
 Reference value :  1.18475e-05
 Reference value :  1.29825e-05
 Reference value :  1.40875e-05
No. of Data Rows : 3027
tcross              =  1.323681e-06
Note: Simulation executed from .control section 
