
Note: No compatibility mode selected!


Circuit: ** sch_path: /foss/designs/thesis/workspace/thesis_hp/cace/_runs/run_2025-06-07_00-59-50/parameters/tran_params/run_110/foldedcascode-nmos-tran.sch

Doing analysis at TEMP = -40.000000 and TNOM = 27.000000

Using SPARSE 1.3 as Direct Linear Solver
Operating point simulation skipped by 'uic',
  now using transient initial conditions.
 Reference value :  5.00000e-11
 Reference value :  7.29045e-07
 Reference value :  1.57250e-06
 Reference value :  2.65750e-06
 Reference value :  3.62750e-06
 Reference value :  4.68250e-06
 Reference value :  5.92250e-06
 Reference value :  6.89250e-06
 Reference value :  7.84750e-06
 Reference value :  8.90750e-06
 Reference value :  9.96750e-06
 Reference value :  1.12975e-05
 Reference value :  1.27225e-05
 Reference value :  1.39575e-05
No. of Data Rows : 3025
tcross              =  1.321523e-06
Note: Simulation executed from .control section 
