
Note: No compatibility mode selected!


Circuit: ** sch_path: /foss/designs/thesis/workspace/thesis_hp/cace/_runs/run_2025-06-07_21-18-43/parameters/tran_params/run_130/foldedcascode-nmos-tran.sch

Doing analysis at TEMP = 130.000000 and TNOM = 27.000000

Using SPARSE 1.3 as Direct Linear Solver
Operating point simulation skipped by 'uic',
  now using transient initial conditions.
 Reference value :  9.96866e-08
 Reference value :  1.22750e-06
 Reference value :  2.48750e-06
 Reference value :  3.73250e-06
 Reference value :  5.07750e-06
 Reference value :  6.44750e-06
 Reference value :  7.86750e-06
 Reference value :  9.33250e-06
 Reference value :  1.09825e-05
 Reference value :  1.26825e-05
 Reference value :  1.46375e-05
No. of Data Rows : 3025
tcross              =  1.323243e-06
Note: Simulation executed from .control section 
