
Note: No compatibility mode selected!


Circuit: ** sch_path: /foss/designs/thesis/workspace/thesis_hp/cace/_runs/run_2025-06-07_21-18-43/parameters/tran_params/run_058/foldedcascode-nmos-tran.sch

Doing analysis at TEMP = -40.000000 and TNOM = 27.000000

Using SPARSE 1.3 as Direct Linear Solver
Operating point simulation skipped by 'uic',
  now using transient initial conditions.
 Reference value :  5.00000e-11
 Reference value :  7.64716e-07
 Reference value :  1.72750e-06
 Reference value :  2.37750e-06
 Reference value :  3.62750e-06
 Reference value :  4.76750e-06
 Reference value :  5.60250e-06
 Reference value :  6.63750e-06
 Reference value :  7.97250e-06
 Reference value :  9.05250e-06
 Reference value :  9.97250e-06
 Reference value :  1.06675e-05
 Reference value :  1.13325e-05
 Reference value :  1.24175e-05
 Reference value :  1.31325e-05
 Reference value :  1.37325e-05
 Reference value :  1.44325e-05
No. of Data Rows : 3026
tcross              =  1.359558e-06
Note: Simulation executed from .control section 
