
Note: No compatibility mode selected!


Circuit: ** sch_path: /foss/designs/thesis/workspace/thesis_hp/cace/_runs/run_2025-06-07_00-59-50/parameters/tran_params/run_091/foldedcascode-nmos-tran.sch

Doing analysis at TEMP = 27.000000 and TNOM = 27.000000

Using SPARSE 1.3 as Direct Linear Solver
Operating point simulation skipped by 'uic',
  now using transient initial conditions.
 Reference value :  1.34190e-07
 Reference value :  1.23250e-06
 Reference value :  2.41017e-06
 Reference value :  3.49017e-06
 Reference value :  4.64517e-06
 Reference value :  6.16517e-06
 Reference value :  7.40517e-06
 Reference value :  8.66017e-06
 Reference value :  9.72517e-06
 Reference value :  1.09452e-05
 Reference value :  1.21402e-05
 Reference value :  1.32302e-05
 Reference value :  1.43202e-05
No. of Data Rows : 3027
tcross              =  1.341248e-06
Note: Simulation executed from .control section 
