
Note: No compatibility mode selected!


Circuit: ** sch_path: /foss/designs/thesis/workspace/thesis_hp/cace/_runs/run_2025-06-07_00-59-50/parameters/tran_params/run_052/foldedcascode-nmos-tran.sch

Doing analysis at TEMP = 130.000000 and TNOM = 27.000000

Using SPARSE 1.3 as Direct Linear Solver
Operating point simulation skipped by 'uic',
  now using transient initial conditions.
 Reference value :  7.08873e-11
 Reference value :  1.05476e-06
 Reference value :  1.89750e-06
 Reference value :  3.13250e-06
 Reference value :  4.28250e-06
 Reference value :  5.40250e-06
 Reference value :  6.57750e-06
 Reference value :  7.91250e-06
 Reference value :  9.07750e-06
 Reference value :  1.02275e-05
 Reference value :  1.13875e-05
 Reference value :  1.27225e-05
 Reference value :  1.39775e-05
No. of Data Rows : 3025
tcross              =  1.375378e-06
Note: Simulation executed from .control section 
