
Note: No compatibility mode selected!


Circuit: ** sch_path: /foss/designs/thesis/workspace/thesis_hp/cace/_runs/run_2025-06-07_21-18-43/parameters/tran_params/run_030/foldedcascode-nmos-tran.sch

Doing analysis at TEMP = -40.000000 and TNOM = 27.000000

Using SPARSE 1.3 as Direct Linear Solver
Operating point simulation skipped by 'uic',
  now using transient initial conditions.
 Reference value :  1.39924e-07
 Reference value :  1.21750e-06
 Reference value :  2.38750e-06
 Reference value :  3.69750e-06
 Reference value :  5.03750e-06
 Reference value :  6.32750e-06
 Reference value :  7.77750e-06
 Reference value :  9.22250e-06
 Reference value :  1.06575e-05
 Reference value :  1.20875e-05
 Reference value :  1.34375e-05
 Reference value :  1.48175e-05
No. of Data Rows : 3028
tcross              =  1.359638e-06
Note: Simulation executed from .control section 
