
Note: No compatibility mode selected!


Circuit: ** sch_path: /foss/designs/thesis/workspace/thesis_hp/cace/_runs/run_2025-06-07_21-18-43/parameters/tran_params/run_036/foldedcascode-nmos-tran.sch

Doing analysis at TEMP = 27.000000 and TNOM = 27.000000

Using SPARSE 1.3 as Direct Linear Solver
Operating point simulation skipped by 'uic',
  now using transient initial conditions.
 Reference value :  6.45923e-08
 Reference value :  1.25250e-06
 Reference value :  2.16750e-06
 Reference value :  2.99750e-06
 Reference value :  3.90250e-06
 Reference value :  4.76250e-06
 Reference value :  5.58750e-06
 Reference value :  6.45750e-06
 Reference value :  7.70250e-06
 Reference value :  9.00250e-06
 Reference value :  1.01225e-05
 Reference value :  1.13725e-05
 Reference value :  1.25125e-05
 Reference value :  1.35925e-05
 Reference value :  1.48175e-05
No. of Data Rows : 3025
tcross              =  1.336487e-06
Note: Simulation executed from .control section 
