
Note: No compatibility mode selected!


Circuit: ** sch_path: /foss/designs/thesis/workspace/thesis_hp/cace/_runs/run_2025-06-07_00-59-50/parameters/tran_params/run_108/foldedcascode-nmos-tran.sch

Doing analysis at TEMP = -40.000000 and TNOM = 27.000000

Using SPARSE 1.3 as Direct Linear Solver
Operating point simulation skipped by 'uic',
  now using transient initial conditions.
 Reference value :  5.41818e-11
 Reference value :  9.89425e-07
 Reference value :  1.85322e-06
 Reference value :  2.94822e-06
 Reference value :  3.96822e-06
 Reference value :  5.19322e-06
 Reference value :  6.47322e-06
 Reference value :  7.52822e-06
 Reference value :  8.85822e-06
 Reference value :  1.02232e-05
 Reference value :  1.16182e-05
 Reference value :  1.29932e-05
 Reference value :  1.42532e-05
No. of Data Rows : 3027
tcross              =  1.330099e-06
Note: Simulation executed from .control section 
