
Note: No compatibility mode selected!


Circuit: ** sch_path: /foss/designs/thesis/workspace/thesis_hp/cace/_runs/run_2025-06-07_21-18-43/parameters/tran_params/run_087/foldedcascode-nmos-tran.sch

Doing analysis at TEMP = -40.000000 and TNOM = 27.000000

Using SPARSE 1.3 as Direct Linear Solver
Operating point simulation skipped by 'uic',
  now using transient initial conditions.
 Reference value :  6.64115e-10
 Reference value :  9.45708e-07
 Reference value :  1.50750e-06
 Reference value :  2.58750e-06
 Reference value :  3.86750e-06
 Reference value :  4.61250e-06
 Reference value :  5.39750e-06
 Reference value :  6.41750e-06
 Reference value :  7.42750e-06
 Reference value :  8.42250e-06
 Reference value :  9.15250e-06
 Reference value :  9.99250e-06
 Reference value :  1.13425e-05
 Reference value :  1.25075e-05
 Reference value :  1.37375e-05
 Reference value :  1.47375e-05
No. of Data Rows : 3025
tcross              =  1.406486e-06
Note: Simulation executed from .control section 
