
Note: No compatibility mode selected!


Circuit: ** sch_path: /foss/designs/thesis/workspace/thesis_hp/cace/_runs/run_2025-06-07_21-18-43/parameters/tran_params/run_051/foldedcascode-nmos-tran.sch

Doing analysis at TEMP = 130.000000 and TNOM = 27.000000

Using SPARSE 1.3 as Direct Linear Solver
Operating point simulation skipped by 'uic',
  now using transient initial conditions.
 Reference value :  5.00000e-11
 Reference value :  5.90209e-07
 Reference value :  1.60250e-06
 Reference value :  2.84750e-06
 Reference value :  3.83250e-06
 Reference value :  5.05250e-06
 Reference value :  6.37250e-06
 Reference value :  7.59750e-06
 Reference value :  8.57250e-06
 Reference value :  9.49250e-06
 Reference value :  1.05125e-05
 Reference value :  1.17675e-05
 Reference value :  1.26625e-05
 Reference value :  1.33775e-05
 Reference value :  1.42325e-05
No. of Data Rows : 3024
tcross              =  1.380346e-06
Note: Simulation executed from .control section 
