
Note: No compatibility mode selected!


Circuit: ** sch_path: /foss/designs/thesis/workspace/thesis_hp/cace/_runs/run_2025-06-07_21-18-43/parameters/tran_params/run_070/foldedcascode-nmos-tran.sch

Doing analysis at TEMP = 27.000000 and TNOM = 27.000000

Using SPARSE 1.3 as Direct Linear Solver
Operating point simulation skipped by 'uic',
  now using transient initial conditions.
 Reference value :  1.34787e-07
 Reference value :  1.20150e-06
 Reference value :  2.32750e-06
 Reference value :  3.74750e-06
 Reference value :  5.15750e-06
 Reference value :  6.43750e-06
 Reference value :  7.84250e-06
 Reference value :  9.11750e-06
 Reference value :  1.04525e-05
 Reference value :  1.19425e-05
 Reference value :  1.33225e-05
 Reference value :  1.47375e-05
No. of Data Rows : 3025
tcross              =  1.392035e-06
Note: Simulation executed from .control section 
