
Note: No compatibility mode selected!


Circuit: ** sch_path: /foss/designs/thesis/workspace/thesis_hp/cace/_runs/run_2025-06-07_00-59-50/parameters/tran_params/run_094/foldedcascode-nmos-tran.sch

Doing analysis at TEMP = 27.000000 and TNOM = 27.000000

Using SPARSE 1.3 as Direct Linear Solver
Operating point simulation skipped by 'uic',
  now using transient initial conditions.
 Reference value :  1.24707e-07
 Reference value :  1.20150e-06
 Reference value :  2.31750e-06
 Reference value :  3.62750e-06
 Reference value :  4.84250e-06
 Reference value :  6.24750e-06
 Reference value :  7.64250e-06
 Reference value :  9.05750e-06
 Reference value :  1.01475e-05
 Reference value :  1.12675e-05
 Reference value :  1.26425e-05
 Reference value :  1.40375e-05
No. of Data Rows : 3025
tcross              =  1.369606e-06
Note: Simulation executed from .control section 
