
Note: No compatibility mode selected!


Circuit: ** sch_path: /foss/designs/thesis/workspace/thesis_hp/cace/_runs/run_2025-06-07_21-18-43/parameters/tran_params/run_063/foldedcascode-nmos-tran.sch

Doing analysis at TEMP = 27.000000 and TNOM = 27.000000

Using SPARSE 1.3 as Direct Linear Solver
Operating point simulation skipped by 'uic',
  now using transient initial conditions.
 Reference value :  3.92956e-08
 Reference value :  1.11750e-06
 Reference value :  2.06250e-06
 Reference value :  2.75250e-06
 Reference value :  4.01750e-06
 Reference value :  5.29250e-06
 Reference value :  6.71250e-06
 Reference value :  7.99750e-06
 Reference value :  9.27250e-06
 Reference value :  1.04525e-05
 Reference value :  1.17175e-05
 Reference value :  1.31025e-05
 Reference value :  1.45225e-05
No. of Data Rows : 3025
tcross              =  1.341004e-06
Note: Simulation executed from .control section 
