
Note: No compatibility mode selected!


Circuit: ** sch_path: /foss/designs/thesis/workspace/thesis_hp/cace/_runs/run_2025-06-07_21-18-43/parameters/tran_params/run_028/foldedcascode-nmos-tran.sch

Doing analysis at TEMP = -40.000000 and TNOM = 27.000000

Using SPARSE 1.3 as Direct Linear Solver
Operating point simulation skipped by 'uic',
  now using transient initial conditions.
 Reference value :  4.21276e-08
 Reference value :  1.19585e-06
 Reference value :  2.30250e-06
 Reference value :  3.50750e-06
 Reference value :  4.77250e-06
 Reference value :  6.18750e-06
 Reference value :  7.56250e-06
 Reference value :  8.98750e-06
 Reference value :  1.03375e-05
 Reference value :  1.17675e-05
 Reference value :  1.31175e-05
 Reference value :  1.44775e-05
No. of Data Rows : 3025
tcross              =  1.328893e-06
Note: Simulation executed from .control section 
